#
# There is insufficient memory for the Java Runtime Environment to continue.
# Native memory allocation (malloc) failed to allocate 1126656 bytes for Chunk::new
# Possible reasons:
#   The system is out of physical RAM or swap space
#   The process is running with CompressedOops enabled, and the Java Heap may be blocking the growth of the native heap
# Possible solutions:
#   Reduce memory load on the system
#   Increase physical memory or swap space
#   Check if swap backing store is full
#   Decrease Java heap size (-Xmx/-Xms)
#   Decrease number of Java threads
#   Decrease Java thread stack sizes (-Xss)
#   Set larger code cache with -XX:ReservedCodeCacheSize=
#   JVM is running with Zero Based Compressed Oops mode in which the Java heap is
#     placed in the first 32GB address space. The Java Heap base address is the
#     maximum limit for the native heap growth. Please use -XX:HeapBaseMinAddress
#     to set the Java Heap base and to place the Java Heap above 32GB virtual address.
# This output file may be truncated or incomplete.
#
#  Out of Memory Error (t:/workspace/open/src/hotspot/share/memory/arena.cpp:197), pid=13280, tid=20852
#
# JRE version: Java(TM) SE Runtime Environment (11.0+28) (build 11+28)
# Java VM: Java HotSpot(TM) 64-Bit Server VM (11+28, mixed mode, tiered, compressed oops, g1 gc, windows-amd64)
# No core dump will be written. Minidumps are not enabled by default on client versions of Windows
#

---------------  S U M M A R Y ------------

Command Line: -javaagent:C:\Program Files\JetBrains\IntelliJ IDEA Community Edition 2019.1.3\lib\idea_rt.jar=57719:C:\Program Files\JetBrains\IntelliJ IDEA Community Edition 2019.1.3\bin -Dfile.encoding=UTF-8 com.soshinemedia.pyngoapi.Application

Host: Intel(R) Core(TM) i7-8550U CPU @ 1.80GHz, 8 cores, 23G,  Windows 10 , 64 bit Build 18362 (10.0.18362.1110)
Time: Thu Jan  7 18:10:19 2021 SA Western Standard Time elapsed time: 40 seconds (0d 0h 0m 40s)

---------------  T H R E A D  ---------------

Current thread (0x000001d26346d800):  JavaThread "C2 CompilerThread2" daemon [_thread_in_native, id=20852, stack(0x0000001ac2200000,0x0000001ac2300000)]


Current CompileTask:
C2:  40131 6771       4       org.springframework.transaction.interceptor.TransactionAttributeSourcePointcut::matches (55 bytes)

Stack: [0x0000001ac2200000,0x0000001ac2300000]
Native frames: (J=compiled Java code, j=interpreted, Vv=VM code, C=native code)
V  [jvm.dll+0x63c22a]
V  [jvm.dll+0x7797ef]
V  [jvm.dll+0x77adda]
V  [jvm.dll+0x77b493]
V  [jvm.dll+0x262818]
V  [jvm.dll+0xc5c71]
V  [jvm.dll+0xc61fc]
V  [jvm.dll+0x2d1114]
V  [jvm.dll+0x55413f]
V  [jvm.dll+0x21e92f]
V  [jvm.dll+0x21b866]
V  [jvm.dll+0x198390]
V  [jvm.dll+0x22a99f]
V  [jvm.dll+0x228fb8]
V  [jvm.dll+0x73f04d]
V  [jvm.dll+0x63b2c2]
C  [ucrtbase.dll+0x210b2]
C  [KERNEL32.DLL+0x17c24]
C  [ntdll.dll+0x6d4d1]


---------------  P R O C E S S  ---------------

Threads class SMR info:
_java_thread_list=0x000001d25f361200, length=31, elements={
0x000001d25dbd3800, 0x000001d25dbe4000, 0x000001d25dc41800, 0x000001d25dbf0000,
0x000001d25dbf2000, 0x000001d25dbfd800, 0x000001d25dc4d000, 0x000001d25dd7c800,
0x000001d25e1f4800, 0x000001d25e1f5800, 0x000001d2618e3000, 0x000001d265e28800,
0x000001d2615cb800, 0x000001d264cb8000, 0x000001d2657db800, 0x000001d2617cc000,
0x000001d266ac4800, 0x000001d25f3ee000, 0x000001d268519800, 0x000001d268517800,
0x000001d268517000, 0x000001d268518800, 0x000001d268514800, 0x000001d26851a000,
0x000001d26851b000, 0x000001d268516000, 0x000001d268515000, 0x000001d26595a000,
0x000001d26595b800, 0x000001d267a28800, 0x000001d26346d800
}

Java Threads: ( => current thread )
  0x000001d25dbd3800 JavaThread "Reference Handler" daemon [_thread_blocked, id=21832, stack(0x0000001abf800000,0x0000001abf900000)]
  0x000001d25dbe4000 JavaThread "Finalizer" daemon [_thread_blocked, id=28140, stack(0x0000001abf900000,0x0000001abfa00000)]
  0x000001d25dc41800 JavaThread "Signal Dispatcher" daemon [_thread_blocked, id=2308, stack(0x0000001abfa00000,0x0000001abfb00000)]
  0x000001d25dbf0000 JavaThread "Attach Listener" daemon [_thread_blocked, id=20804, stack(0x0000001abfb00000,0x0000001abfc00000)]
  0x000001d25dbf2000 JavaThread "C2 CompilerThread0" daemon [_thread_in_native, id=22976, stack(0x0000001abfc00000,0x0000001abfd00000)]
  0x000001d25dbfd800 JavaThread "C1 CompilerThread0" daemon [_thread_blocked, id=8752, stack(0x0000001abfd00000,0x0000001abfe00000)]
  0x000001d25dc4d000 JavaThread "Sweeper thread" daemon [_thread_blocked, id=26524, stack(0x0000001abfe00000,0x0000001abff00000)]
  0x000001d25dd7c800 JavaThread "Common-Cleaner" daemon [_thread_blocked, id=19236, stack(0x0000001abff00000,0x0000001ac0000000)]
  0x000001d25e1f4800 JavaThread "Monitor Ctrl-Break" daemon [_thread_in_native, id=26680, stack(0x0000001ac0000000,0x0000001ac0100000)]
  0x000001d25e1f5800 JavaThread "Service Thread" daemon [_thread_blocked, id=27672, stack(0x0000001ac0100000,0x0000001ac0200000)]
  0x000001d2618e3000 JavaThread "Catalina-utility-1" [_thread_blocked, id=6072, stack(0x0000001ac0400000,0x0000001ac0500000)]
  0x000001d265e28800 JavaThread "Catalina-utility-2" [_thread_blocked, id=11016, stack(0x0000001ac0f00000,0x0000001ac1000000)]
  0x000001d2615cb800 JavaThread "container-0" [_thread_blocked, id=14312, stack(0x0000001ac1000000,0x0000001ac1100000)]
  0x000001d264cb8000 JavaThread "mysql-cj-abandoned-connection-cleanup" daemon [_thread_blocked, id=19940, stack(0x0000001ac1100000,0x0000001ac1200000)]
  0x000001d2657db800 JavaThread "HikariPool-1 housekeeper" daemon [_thread_blocked, id=20476, stack(0x0000001ac1300000,0x0000001ac1400000)]
  0x000001d2617cc000 JavaThread "http-nio-8080-BlockPoller" daemon [_thread_in_native, id=8912, stack(0x0000001ac1400000,0x0000001ac1500000)]
  0x000001d266ac4800 JavaThread "http-nio-8080-exec-1" daemon [_thread_blocked, id=18524, stack(0x0000001ac1500000,0x0000001ac1600000)]
  0x000001d25f3ee000 JavaThread "http-nio-8080-exec-2" daemon [_thread_blocked, id=24828, stack(0x0000001ac1600000,0x0000001ac1700000)]
  0x000001d268519800 JavaThread "http-nio-8080-exec-3" daemon [_thread_blocked, id=5868, stack(0x0000001ac1700000,0x0000001ac1800000)]
  0x000001d268517800 JavaThread "http-nio-8080-exec-4" daemon [_thread_blocked, id=24416, stack(0x0000001ac1800000,0x0000001ac1900000)]
  0x000001d268517000 JavaThread "http-nio-8080-exec-5" daemon [_thread_blocked, id=20296, stack(0x0000001ac1900000,0x0000001ac1a00000)]
  0x000001d268518800 JavaThread "http-nio-8080-exec-6" daemon [_thread_blocked, id=23856, stack(0x0000001ac1a00000,0x0000001ac1b00000)]
  0x000001d268514800 JavaThread "http-nio-8080-exec-7" daemon [_thread_blocked, id=24468, stack(0x0000001ac1b00000,0x0000001ac1c00000)]
  0x000001d26851a000 JavaThread "http-nio-8080-exec-8" daemon [_thread_blocked, id=26816, stack(0x0000001ac1c00000,0x0000001ac1d00000)]
  0x000001d26851b000 JavaThread "http-nio-8080-exec-9" daemon [_thread_blocked, id=8712, stack(0x0000001ac1d00000,0x0000001ac1e00000)]
  0x000001d268516000 JavaThread "http-nio-8080-exec-10" daemon [_thread_blocked, id=26652, stack(0x0000001ac1e00000,0x0000001ac1f00000)]
  0x000001d268515000 JavaThread "http-nio-8080-ClientPoller" daemon [_thread_in_native, id=27064, stack(0x0000001ac1f00000,0x0000001ac2000000)]
  0x000001d26595a000 JavaThread "http-nio-8080-Acceptor" daemon [_thread_in_native, id=28132, stack(0x0000001ac2000000,0x0000001ac2100000)]
  0x000001d26595b800 JavaThread "DestroyJavaVM" [_thread_blocked, id=12272, stack(0x0000001abf100000,0x0000001abf200000)]
  0x000001d267a28800 JavaThread "C2 CompilerThread1" daemon [_thread_in_native, id=24960, stack(0x0000001ac2100000,0x0000001ac2200000)]
=>0x000001d26346d800 JavaThread "C2 CompilerThread2" daemon [_thread_in_native, id=20852, stack(0x0000001ac2200000,0x0000001ac2300000)]

Other Threads:
  0x000001d25dbaf800 VMThread "VM Thread" [stack: 0x0000001abf700000,0x0000001abf800000] [id=12152]
  0x000001d25e427800 WatcherThread [stack: 0x0000001ac0200000,0x0000001ac0300000] [id=25212]
  0x000001d234cfb800 GCTaskThread "GC Thread#0" [stack: 0x0000001abf200000,0x0000001abf300000] [id=12488]
  0x000001d25e4a1000 GCTaskThread "GC Thread#1" [stack: 0x0000001ac0500000,0x0000001ac0600000] [id=23536]
  0x000001d25e4a1800 GCTaskThread "GC Thread#2" [stack: 0x0000001ac0600000,0x0000001ac0700000] [id=27652]
  0x000001d25e48f800 GCTaskThread "GC Thread#3" [stack: 0x0000001ac0700000,0x0000001ac0800000] [id=28420]
  0x000001d25e494000 GCTaskThread "GC Thread#4" [stack: 0x0000001ac0800000,0x0000001ac0900000] [id=7600]
  0x000001d25e495000 GCTaskThread "GC Thread#5" [stack: 0x0000001ac0900000,0x0000001ac0a00000] [id=11408]
  0x000001d25e495800 GCTaskThread "GC Thread#6" [stack: 0x0000001ac0a00000,0x0000001ac0b00000] [id=27020]
  0x000001d25e496000 GCTaskThread "GC Thread#7" [stack: 0x0000001ac0b00000,0x0000001ac0c00000] [id=12680]
  0x000001d232c9c000 ConcurrentGCThread "G1 Main Marker" [stack: 0x0000001abf300000,0x0000001abf400000] [id=27788]
  0x000001d232c9d000 ConcurrentGCThread "G1 Conc#0" [stack: 0x0000001abf400000,0x0000001abf500000] [id=27876]
  0x000001d25f56a800 ConcurrentGCThread "G1 Conc#1" [stack: 0x0000001ac0d00000,0x0000001ac0e00000] [id=28196]
  0x000001d25cfe4000 ConcurrentGCThread "G1 Refine#0" [stack: 0x0000001abf500000,0x0000001abf600000] [id=22216]
  0x000001d25ed76000 ConcurrentGCThread "G1 Refine#1" [stack: 0x0000001ac0c00000,0x0000001ac0d00000] [id=21696]
  0x000001d25cfe5000 ConcurrentGCThread "G1 Young RemSet Sampling" [stack: 0x0000001abf600000,0x0000001abf700000] [id=25968]

Threads with active compile tasks:
C2 CompilerThread06837       4       java.util.TreeMap::put (247 bytes)
C2 CompilerThread16770       4       java.beans.MethodRef::set (58 bytes)
C2 CompilerThread26771       4       org.springframework.transaction.interceptor.TransactionAttributeSourcePointcut::matches (55 bytes)

VM state:not at safepoint (normal execution)

VM Mutex/Monitor currently owned by a thread: None

Heap address: 0x0000000681a00000, size: 6118 MB, Compressed Oops mode: Zero based, Oop shift amount: 3
Narrow klass base: 0x0000000800000000, Narrow klass shift: 0
Compressed class space size: 1073741824 Address: 0x0000000800000000

Heap:
 garbage-first heap   total 472064K, used 99262K [0x0000000681a00000, 0x0000000800000000)
  region size 1024K, 87 young (89088K), 27 survivors (27648K)
 Metaspace       used 75981K, capacity 77683K, committed 77948K, reserved 1116160K
  class space    used 9612K, capacity 10268K, committed 10364K, reserved 1048576K
Heap Regions: E=young(eden), S=young(survivor), O=old, HS=humongous(starts), HC=humongous(continues), CS=collection set, F=free, A=archive, TAMS=top-at-mark-start (previous, next)
|   0|0x0000000681a00000, 0x0000000681b00000, 0x0000000681b00000|100%|HS|  |TAMS 0x0000000681b00000, 0x0000000681a00000| Complete 
|   1|0x0000000681b00000, 0x0000000681c00000, 0x0000000681c00000|100%| O|  |TAMS 0x0000000681c00000, 0x0000000681b00000| Untracked 
|   2|0x0000000681c00000, 0x0000000681d00000, 0x0000000681d00000|100%| O|  |TAMS 0x0000000681d00000, 0x0000000681c00000| Untracked 
|   3|0x0000000681d00000, 0x0000000681e00000, 0x0000000681e00000|100%| O|  |TAMS 0x0000000681e00000, 0x0000000681d00000| Untracked 
|   4|0x0000000681e00000, 0x0000000681f00000, 0x0000000681f00000|100%| O|  |TAMS 0x0000000681f00000, 0x0000000681e00000| Untracked 
|   5|0x0000000681f00000, 0x0000000682000000, 0x0000000682000000|100%| O|  |TAMS 0x0000000682000000, 0x0000000681f00000| Untracked 
|   6|0x0000000682000000, 0x0000000682100000, 0x0000000682100000|100%| O|  |TAMS 0x00000006820fca00, 0x0000000682000000| Untracked 
|   7|0x0000000682100000, 0x0000000682200000, 0x0000000682200000|100%| O|  |TAMS 0x0000000682100000, 0x0000000682100000| Untracked 
|   8|0x0000000682200000, 0x0000000682300000, 0x0000000682300000|100%| O|  |TAMS 0x0000000682200000, 0x0000000682200000| Untracked 
|   9|0x0000000682300000, 0x0000000682400000, 0x0000000682400000|100%| O|  |TAMS 0x0000000682300000, 0x0000000682300000| Untracked 
|  10|0x0000000682400000, 0x0000000682500000, 0x0000000682500000|100%| O|  |TAMS 0x0000000682400000, 0x0000000682400000| Untracked 
|  11|0x0000000682500000, 0x000000068258d800, 0x0000000682600000| 55%| O|  |TAMS 0x0000000682500000, 0x0000000682500000| Untracked 
|  12|0x0000000682600000, 0x0000000682600000, 0x0000000682700000|  0%| F|  |TAMS 0x0000000682600000, 0x0000000682600000| Untracked 
|  13|0x0000000682700000, 0x0000000682700000, 0x0000000682800000|  0%| F|  |TAMS 0x0000000682700000, 0x0000000682700000| Untracked 
|  14|0x0000000682800000, 0x0000000682800000, 0x0000000682900000|  0%| F|  |TAMS 0x0000000682800000, 0x0000000682800000| Untracked 
|  15|0x0000000682900000, 0x0000000682900000, 0x0000000682a00000|  0%| F|  |TAMS 0x0000000682900000, 0x0000000682900000| Untracked 
|  16|0x0000000682a00000, 0x0000000682a00000, 0x0000000682b00000|  0%| F|  |TAMS 0x0000000682a00000, 0x0000000682a00000| Untracked 
|  17|0x0000000682b00000, 0x0000000682b00000, 0x0000000682c00000|  0%| F|  |TAMS 0x0000000682b00000, 0x0000000682b00000| Untracked 
|  18|0x0000000682c00000, 0x0000000682c00000, 0x0000000682d00000|  0%| F|  |TAMS 0x0000000682c00000, 0x0000000682c00000| Untracked 
|  19|0x0000000682d00000, 0x0000000682d00000, 0x0000000682e00000|  0%| F|  |TAMS 0x0000000682d00000, 0x0000000682d00000| Untracked 
|  20|0x0000000682e00000, 0x0000000682e00000, 0x0000000682f00000|  0%| F|  |TAMS 0x0000000682e00000, 0x0000000682e00000| Untracked 
|  21|0x0000000682f00000, 0x0000000682f00000, 0x0000000683000000|  0%| F|  |TAMS 0x0000000682f00000, 0x0000000682f00000| Untracked 
|  22|0x0000000683000000, 0x0000000683000000, 0x0000000683100000|  0%| F|  |TAMS 0x0000000683000000, 0x0000000683000000| Untracked 
|  23|0x0000000683100000, 0x0000000683100000, 0x0000000683200000|  0%| F|  |TAMS 0x0000000683100000, 0x0000000683100000| Untracked 
|  24|0x0000000683200000, 0x0000000683200000, 0x0000000683300000|  0%| F|  |TAMS 0x0000000683200000, 0x0000000683200000| Untracked 
|  25|0x0000000683300000, 0x0000000683300000, 0x0000000683400000|  0%| F|  |TAMS 0x0000000683300000, 0x0000000683300000| Untracked 
|  26|0x0000000683400000, 0x0000000683400000, 0x0000000683500000|  0%| F|  |TAMS 0x0000000683400000, 0x0000000683400000| Untracked 
|  27|0x0000000683500000, 0x0000000683500000, 0x0000000683600000|  0%| F|  |TAMS 0x0000000683500000, 0x0000000683500000| Untracked 
|  28|0x0000000683600000, 0x0000000683600000, 0x0000000683700000|  0%| F|  |TAMS 0x0000000683600000, 0x0000000683600000| Untracked 
|  29|0x0000000683700000, 0x0000000683700000, 0x0000000683800000|  0%| F|  |TAMS 0x0000000683700000, 0x0000000683700000| Untracked 
|  30|0x0000000683800000, 0x0000000683800000, 0x0000000683900000|  0%| F|  |TAMS 0x0000000683800000, 0x0000000683800000| Untracked 
|  31|0x0000000683900000, 0x0000000683900000, 0x0000000683a00000|  0%| F|  |TAMS 0x0000000683900000, 0x0000000683900000| Untracked 
|  32|0x0000000683a00000, 0x0000000683a00000, 0x0000000683b00000|  0%| F|  |TAMS 0x0000000683a00000, 0x0000000683a00000| Untracked 
|  33|0x0000000683b00000, 0x0000000683b00000, 0x0000000683c00000|  0%| F|  |TAMS 0x0000000683b00000, 0x0000000683b00000| Untracked 
|  34|0x0000000683c00000, 0x0000000683c00000, 0x0000000683d00000|  0%| F|  |TAMS 0x0000000683c00000, 0x0000000683c00000| Untracked 
|  35|0x0000000683d00000, 0x0000000683d00000, 0x0000000683e00000|  0%| F|  |TAMS 0x0000000683d00000, 0x0000000683d00000| Untracked 
|  36|0x0000000683e00000, 0x0000000683e00000, 0x0000000683f00000|  0%| F|  |TAMS 0x0000000683e00000, 0x0000000683e00000| Untracked 
|  37|0x0000000683f00000, 0x0000000683f00000, 0x0000000684000000|  0%| F|  |TAMS 0x0000000683f00000, 0x0000000683f00000| Untracked 
|  38|0x0000000684000000, 0x0000000684000000, 0x0000000684100000|  0%| F|  |TAMS 0x0000000684000000, 0x0000000684000000| Untracked 
|  39|0x0000000684100000, 0x0000000684100000, 0x0000000684200000|  0%| F|  |TAMS 0x0000000684100000, 0x0000000684100000| Untracked 
|  40|0x0000000684200000, 0x0000000684200000, 0x0000000684300000|  0%| F|  |TAMS 0x0000000684200000, 0x0000000684200000| Untracked 
|  41|0x0000000684300000, 0x0000000684300000, 0x0000000684400000|  0%| F|  |TAMS 0x0000000684300000, 0x0000000684300000| Untracked 
|  42|0x0000000684400000, 0x0000000684400000, 0x0000000684500000|  0%| F|  |TAMS 0x0000000684400000, 0x0000000684400000| Untracked 
|  43|0x0000000684500000, 0x0000000684500000, 0x0000000684600000|  0%| F|  |TAMS 0x0000000684500000, 0x0000000684500000| Untracked 
|  44|0x0000000684600000, 0x0000000684600000, 0x0000000684700000|  0%| F|  |TAMS 0x0000000684600000, 0x0000000684600000| Untracked 
|  45|0x0000000684700000, 0x0000000684700000, 0x0000000684800000|  0%| F|  |TAMS 0x0000000684700000, 0x0000000684700000| Untracked 
|  46|0x0000000684800000, 0x0000000684800000, 0x0000000684900000|  0%| F|  |TAMS 0x0000000684800000, 0x0000000684800000| Untracked 
|  47|0x0000000684900000, 0x0000000684900000, 0x0000000684a00000|  0%| F|  |TAMS 0x0000000684900000, 0x0000000684900000| Untracked 
|  48|0x0000000684a00000, 0x0000000684a00000, 0x0000000684b00000|  0%| F|  |TAMS 0x0000000684a00000, 0x0000000684a00000| Untracked 
|  49|0x0000000684b00000, 0x0000000684b00000, 0x0000000684c00000|  0%| F|  |TAMS 0x0000000684b00000, 0x0000000684b00000| Untracked 
|  50|0x0000000684c00000, 0x0000000684c00000, 0x0000000684d00000|  0%| F|  |TAMS 0x0000000684c00000, 0x0000000684c00000| Untracked 
|  51|0x0000000684d00000, 0x0000000684d00000, 0x0000000684e00000|  0%| F|  |TAMS 0x0000000684d00000, 0x0000000684d00000| Untracked 
|  52|0x0000000684e00000, 0x0000000684e00000, 0x0000000684f00000|  0%| F|  |TAMS 0x0000000684e00000, 0x0000000684e00000| Untracked 
|  53|0x0000000684f00000, 0x0000000684f00000, 0x0000000685000000|  0%| F|  |TAMS 0x0000000684f00000, 0x0000000684f00000| Untracked 
|  54|0x0000000685000000, 0x0000000685000000, 0x0000000685100000|  0%| F|  |TAMS 0x0000000685000000, 0x0000000685000000| Untracked 
|  55|0x0000000685100000, 0x0000000685100000, 0x0000000685200000|  0%| F|  |TAMS 0x0000000685100000, 0x0000000685100000| Untracked 
|  56|0x0000000685200000, 0x0000000685200000, 0x0000000685300000|  0%| F|  |TAMS 0x0000000685200000, 0x0000000685200000| Untracked 
|  57|0x0000000685300000, 0x0000000685300000, 0x0000000685400000|  0%| F|  |TAMS 0x0000000685300000, 0x0000000685300000| Untracked 
|  58|0x0000000685400000, 0x0000000685400000, 0x0000000685500000|  0%| F|  |TAMS 0x0000000685400000, 0x0000000685400000| Untracked 
|  59|0x0000000685500000, 0x0000000685500000, 0x0000000685600000|  0%| F|  |TAMS 0x0000000685500000, 0x0000000685500000| Untracked 
|  60|0x0000000685600000, 0x0000000685600000, 0x0000000685700000|  0%| F|  |TAMS 0x0000000685600000, 0x0000000685600000| Untracked 
|  61|0x0000000685700000, 0x0000000685700000, 0x0000000685800000|  0%| F|  |TAMS 0x0000000685700000, 0x0000000685700000| Untracked 
|  62|0x0000000685800000, 0x0000000685800000, 0x0000000685900000|  0%| F|  |TAMS 0x0000000685800000, 0x0000000685800000| Untracked 
|  63|0x0000000685900000, 0x0000000685900000, 0x0000000685a00000|  0%| F|  |TAMS 0x0000000685900000, 0x0000000685900000| Untracked 
|  64|0x0000000685a00000, 0x0000000685a00000, 0x0000000685b00000|  0%| F|  |TAMS 0x0000000685a00000, 0x0000000685a00000| Untracked 
|  65|0x0000000685b00000, 0x0000000685b00000, 0x0000000685c00000|  0%| F|  |TAMS 0x0000000685b00000, 0x0000000685b00000| Untracked 
|  66|0x0000000685c00000, 0x0000000685c00000, 0x0000000685d00000|  0%| F|  |TAMS 0x0000000685c00000, 0x0000000685c00000| Untracked 
|  67|0x0000000685d00000, 0x0000000685d00000, 0x0000000685e00000|  0%| F|  |TAMS 0x0000000685d00000, 0x0000000685d00000| Untracked 
|  68|0x0000000685e00000, 0x0000000685e00000, 0x0000000685f00000|  0%| F|  |TAMS 0x0000000685e00000, 0x0000000685e00000| Untracked 
|  69|0x0000000685f00000, 0x0000000685f00000, 0x0000000686000000|  0%| F|  |TAMS 0x0000000685f00000, 0x0000000685f00000| Untracked 
|  70|0x0000000686000000, 0x0000000686000000, 0x0000000686100000|  0%| F|  |TAMS 0x0000000686000000, 0x0000000686000000| Untracked 
|  71|0x0000000686100000, 0x0000000686100000, 0x0000000686200000|  0%| F|  |TAMS 0x0000000686100000, 0x0000000686100000| Untracked 
|  72|0x0000000686200000, 0x0000000686200000, 0x0000000686300000|  0%| F|  |TAMS 0x0000000686200000, 0x0000000686200000| Untracked 
|  73|0x0000000686300000, 0x0000000686300000, 0x0000000686400000|  0%| F|  |TAMS 0x0000000686300000, 0x0000000686300000| Untracked 
|  74|0x0000000686400000, 0x0000000686400000, 0x0000000686500000|  0%| F|  |TAMS 0x0000000686400000, 0x0000000686400000| Untracked 
|  75|0x0000000686500000, 0x0000000686500000, 0x0000000686600000|  0%| F|  |TAMS 0x0000000686500000, 0x0000000686500000| Untracked 
|  76|0x0000000686600000, 0x0000000686600000, 0x0000000686700000|  0%| F|  |TAMS 0x0000000686600000, 0x0000000686600000| Untracked 
|  77|0x0000000686700000, 0x0000000686700000, 0x0000000686800000|  0%| F|  |TAMS 0x0000000686700000, 0x0000000686700000| Untracked 
|  78|0x0000000686800000, 0x0000000686800000, 0x0000000686900000|  0%| F|  |TAMS 0x0000000686800000, 0x0000000686800000| Untracked 
|  79|0x0000000686900000, 0x0000000686900000, 0x0000000686a00000|  0%| F|  |TAMS 0x0000000686900000, 0x0000000686900000| Untracked 
|  80|0x0000000686a00000, 0x0000000686a00000, 0x0000000686b00000|  0%| F|  |TAMS 0x0000000686a00000, 0x0000000686a00000| Untracked 
|  81|0x0000000686b00000, 0x0000000686b00000, 0x0000000686c00000|  0%| F|  |TAMS 0x0000000686b00000, 0x0000000686b00000| Untracked 
|  82|0x0000000686c00000, 0x0000000686c00000, 0x0000000686d00000|  0%| F|  |TAMS 0x0000000686c00000, 0x0000000686c00000| Untracked 
|  83|0x0000000686d00000, 0x0000000686d00000, 0x0000000686e00000|  0%| F|  |TAMS 0x0000000686d00000, 0x0000000686d00000| Untracked 
|  84|0x0000000686e00000, 0x0000000686e00000, 0x0000000686f00000|  0%| F|  |TAMS 0x0000000686e00000, 0x0000000686e00000| Untracked 
|  85|0x0000000686f00000, 0x0000000686f00000, 0x0000000687000000|  0%| F|  |TAMS 0x0000000686f00000, 0x0000000686f00000| Untracked 
|  86|0x0000000687000000, 0x0000000687000000, 0x0000000687100000|  0%| F|  |TAMS 0x0000000687000000, 0x0000000687000000| Untracked 
|  87|0x0000000687100000, 0x0000000687100000, 0x0000000687200000|  0%| F|  |TAMS 0x0000000687100000, 0x0000000687100000| Untracked 
|  88|0x0000000687200000, 0x0000000687200000, 0x0000000687300000|  0%| F|  |TAMS 0x0000000687200000, 0x0000000687200000| Untracked 
|  89|0x0000000687300000, 0x0000000687300000, 0x0000000687400000|  0%| F|  |TAMS 0x0000000687300000, 0x0000000687300000| Untracked 
|  90|0x0000000687400000, 0x0000000687400000, 0x0000000687500000|  0%| F|  |TAMS 0x0000000687400000, 0x0000000687400000| Untracked 
|  91|0x0000000687500000, 0x0000000687500000, 0x0000000687600000|  0%| F|  |TAMS 0x0000000687500000, 0x0000000687500000| Untracked 
|  92|0x0000000687600000, 0x0000000687600000, 0x0000000687700000|  0%| F|  |TAMS 0x0000000687600000, 0x0000000687600000| Untracked 
|  93|0x0000000687700000, 0x0000000687700000, 0x0000000687800000|  0%| F|  |TAMS 0x0000000687700000, 0x0000000687700000| Untracked 
|  94|0x0000000687800000, 0x0000000687800000, 0x0000000687900000|  0%| F|  |TAMS 0x0000000687800000, 0x0000000687800000| Untracked 
|  95|0x0000000687900000, 0x0000000687900000, 0x0000000687a00000|  0%| F|  |TAMS 0x0000000687900000, 0x0000000687900000| Untracked 
|  96|0x0000000687a00000, 0x0000000687a00000, 0x0000000687b00000|  0%| F|  |TAMS 0x0000000687a00000, 0x0000000687a00000| Untracked 
|  97|0x0000000687b00000, 0x0000000687b00000, 0x0000000687c00000|  0%| F|  |TAMS 0x0000000687b00000, 0x0000000687b00000| Untracked 
|  98|0x0000000687c00000, 0x0000000687c00000, 0x0000000687d00000|  0%| F|  |TAMS 0x0000000687c00000, 0x0000000687c00000| Untracked 
|  99|0x0000000687d00000, 0x0000000687d00000, 0x0000000687e00000|  0%| F|  |TAMS 0x0000000687d00000, 0x0000000687d00000| Untracked 
| 100|0x0000000687e00000, 0x0000000687e00000, 0x0000000687f00000|  0%| F|  |TAMS 0x0000000687e00000, 0x0000000687e00000| Untracked 
| 101|0x0000000687f00000, 0x0000000687f00000, 0x0000000688000000|  0%| F|  |TAMS 0x0000000687f00000, 0x0000000687f00000| Untracked 
| 102|0x0000000688000000, 0x0000000688000000, 0x0000000688100000|  0%| F|  |TAMS 0x0000000688000000, 0x0000000688000000| Untracked 
| 103|0x0000000688100000, 0x0000000688100000, 0x0000000688200000|  0%| F|  |TAMS 0x0000000688100000, 0x0000000688100000| Untracked 
| 104|0x0000000688200000, 0x0000000688200000, 0x0000000688300000|  0%| F|  |TAMS 0x0000000688200000, 0x0000000688200000| Untracked 
| 105|0x0000000688300000, 0x0000000688300000, 0x0000000688400000|  0%| F|  |TAMS 0x0000000688300000, 0x0000000688300000| Untracked 
| 106|0x0000000688400000, 0x0000000688400000, 0x0000000688500000|  0%| F|  |TAMS 0x0000000688400000, 0x0000000688400000| Untracked 
| 107|0x0000000688500000, 0x0000000688500000, 0x0000000688600000|  0%| F|  |TAMS 0x0000000688500000, 0x0000000688500000| Untracked 
| 108|0x0000000688600000, 0x0000000688600000, 0x0000000688700000|  0%| F|  |TAMS 0x0000000688600000, 0x0000000688600000| Untracked 
| 109|0x0000000688700000, 0x0000000688700000, 0x0000000688800000|  0%| F|  |TAMS 0x0000000688700000, 0x0000000688700000| Untracked 
| 110|0x0000000688800000, 0x0000000688800000, 0x0000000688900000|  0%| F|  |TAMS 0x0000000688800000, 0x0000000688800000| Untracked 
| 111|0x0000000688900000, 0x0000000688900000, 0x0000000688a00000|  0%| F|  |TAMS 0x0000000688900000, 0x0000000688900000| Untracked 
| 112|0x0000000688a00000, 0x0000000688a00000, 0x0000000688b00000|  0%| F|  |TAMS 0x0000000688a00000, 0x0000000688a00000| Untracked 
| 113|0x0000000688b00000, 0x0000000688b00000, 0x0000000688c00000|  0%| F|  |TAMS 0x0000000688b00000, 0x0000000688b00000| Untracked 
| 114|0x0000000688c00000, 0x0000000688c00000, 0x0000000688d00000|  0%| F|  |TAMS 0x0000000688c00000, 0x0000000688c00000| Untracked 
| 115|0x0000000688d00000, 0x0000000688d00000, 0x0000000688e00000|  0%| F|  |TAMS 0x0000000688d00000, 0x0000000688d00000| Untracked 
| 116|0x0000000688e00000, 0x0000000688e00000, 0x0000000688f00000|  0%| F|  |TAMS 0x0000000688e00000, 0x0000000688e00000| Untracked 
| 117|0x0000000688f00000, 0x0000000688f00000, 0x0000000689000000|  0%| F|  |TAMS 0x0000000688f00000, 0x0000000688f00000| Untracked 
| 118|0x0000000689000000, 0x0000000689000000, 0x0000000689100000|  0%| F|  |TAMS 0x0000000689000000, 0x0000000689000000| Untracked 
| 119|0x0000000689100000, 0x0000000689100000, 0x0000000689200000|  0%| F|  |TAMS 0x0000000689100000, 0x0000000689100000| Untracked 
| 120|0x0000000689200000, 0x0000000689200000, 0x0000000689300000|  0%| F|  |TAMS 0x0000000689200000, 0x0000000689200000| Untracked 
| 121|0x0000000689300000, 0x0000000689300000, 0x0000000689400000|  0%| F|  |TAMS 0x0000000689300000, 0x0000000689300000| Untracked 
| 122|0x0000000689400000, 0x0000000689400000, 0x0000000689500000|  0%| F|  |TAMS 0x0000000689400000, 0x0000000689400000| Untracked 
| 123|0x0000000689500000, 0x0000000689500000, 0x0000000689600000|  0%| F|  |TAMS 0x0000000689500000, 0x0000000689500000| Untracked 
| 124|0x0000000689600000, 0x0000000689600000, 0x0000000689700000|  0%| F|  |TAMS 0x0000000689600000, 0x0000000689600000| Untracked 
| 125|0x0000000689700000, 0x0000000689700000, 0x0000000689800000|  0%| F|  |TAMS 0x0000000689700000, 0x0000000689700000| Untracked 
| 126|0x0000000689800000, 0x0000000689800000, 0x0000000689900000|  0%| F|  |TAMS 0x0000000689800000, 0x0000000689800000| Untracked 
| 127|0x0000000689900000, 0x00000006899621f8, 0x0000000689a00000| 38%| S|CS|TAMS 0x0000000689900000, 0x0000000689900000| Complete 
| 128|0x0000000689a00000, 0x0000000689b00000, 0x0000000689b00000|100%| S|CS|TAMS 0x0000000689a00000, 0x0000000689a00000| Complete 
| 129|0x0000000689b00000, 0x0000000689c00000, 0x0000000689c00000|100%| S|CS|TAMS 0x0000000689b00000, 0x0000000689b00000| Complete 
| 130|0x0000000689c00000, 0x0000000689d00000, 0x0000000689d00000|100%| S|CS|TAMS 0x0000000689c00000, 0x0000000689c00000| Complete 
| 131|0x0000000689d00000, 0x0000000689e00000, 0x0000000689e00000|100%| S|CS|TAMS 0x0000000689d00000, 0x0000000689d00000| Complete 
| 132|0x0000000689e00000, 0x0000000689f00000, 0x0000000689f00000|100%| S|CS|TAMS 0x0000000689e00000, 0x0000000689e00000| Complete 
| 133|0x0000000689f00000, 0x000000068a000000, 0x000000068a000000|100%| S|CS|TAMS 0x0000000689f00000, 0x0000000689f00000| Complete 
| 134|0x000000068a000000, 0x000000068a100000, 0x000000068a100000|100%| S|CS|TAMS 0x000000068a000000, 0x000000068a000000| Complete 
| 135|0x000000068a100000, 0x000000068a200000, 0x000000068a200000|100%| S|CS|TAMS 0x000000068a100000, 0x000000068a100000| Complete 
| 136|0x000000068a200000, 0x000000068a300000, 0x000000068a300000|100%| S|CS|TAMS 0x000000068a200000, 0x000000068a200000| Complete 
| 137|0x000000068a300000, 0x000000068a400000, 0x000000068a400000|100%| S|CS|TAMS 0x000000068a300000, 0x000000068a300000| Complete 
| 138|0x000000068a400000, 0x000000068a500000, 0x000000068a500000|100%| S|CS|TAMS 0x000000068a400000, 0x000000068a400000| Complete 
| 139|0x000000068a500000, 0x000000068a600000, 0x000000068a600000|100%| S|CS|TAMS 0x000000068a500000, 0x000000068a500000| Complete 
| 140|0x000000068a600000, 0x000000068a700000, 0x000000068a700000|100%| S|CS|TAMS 0x000000068a600000, 0x000000068a600000| Complete 
| 141|0x000000068a700000, 0x000000068a800000, 0x000000068a800000|100%| S|CS|TAMS 0x000000068a700000, 0x000000068a700000| Complete 
| 142|0x000000068a800000, 0x000000068a900000, 0x000000068a900000|100%| S|CS|TAMS 0x000000068a800000, 0x000000068a800000| Complete 
| 143|0x000000068a900000, 0x000000068aa00000, 0x000000068aa00000|100%| S|CS|TAMS 0x000000068a900000, 0x000000068a900000| Complete 
| 144|0x000000068aa00000, 0x000000068ab00000, 0x000000068ab00000|100%| S|CS|TAMS 0x000000068aa00000, 0x000000068aa00000| Complete 
| 145|0x000000068ab00000, 0x000000068ac00000, 0x000000068ac00000|100%| S|CS|TAMS 0x000000068ab00000, 0x000000068ab00000| Complete 
| 146|0x000000068ac00000, 0x000000068ad00000, 0x000000068ad00000|100%| S|CS|TAMS 0x000000068ac00000, 0x000000068ac00000| Complete 
| 147|0x000000068ad00000, 0x000000068ae00000, 0x000000068ae00000|100%| S|CS|TAMS 0x000000068ad00000, 0x000000068ad00000| Complete 
| 148|0x000000068ae00000, 0x000000068af00000, 0x000000068af00000|100%| S|CS|TAMS 0x000000068ae00000, 0x000000068ae00000| Complete 
| 149|0x000000068af00000, 0x000000068b000000, 0x000000068b000000|100%| S|CS|TAMS 0x000000068af00000, 0x000000068af00000| Complete 
| 150|0x000000068b000000, 0x000000068b100000, 0x000000068b100000|100%| S|CS|TAMS 0x000000068b000000, 0x000000068b000000| Complete 
| 151|0x000000068b100000, 0x000000068b200000, 0x000000068b200000|100%| S|CS|TAMS 0x000000068b100000, 0x000000068b100000| Complete 
| 152|0x000000068b200000, 0x000000068b300000, 0x000000068b300000|100%| S|CS|TAMS 0x000000068b200000, 0x000000068b200000| Complete 
| 153|0x000000068b300000, 0x000000068b400000, 0x000000068b400000|100%| S|CS|TAMS 0x000000068b300000, 0x000000068b300000| Complete 
| 154|0x000000068b400000, 0x000000068b400000, 0x000000068b500000|  0%| F|  |TAMS 0x000000068b400000, 0x000000068b400000| Untracked 
| 155|0x000000068b500000, 0x000000068b500000, 0x000000068b600000|  0%| F|  |TAMS 0x000000068b500000, 0x000000068b500000| Untracked 
| 156|0x000000068b600000, 0x000000068b600000, 0x000000068b700000|  0%| F|  |TAMS 0x000000068b600000, 0x000000068b600000| Untracked 
| 157|0x000000068b700000, 0x000000068b700000, 0x000000068b800000|  0%| F|  |TAMS 0x000000068b700000, 0x000000068b700000| Untracked 
| 158|0x000000068b800000, 0x000000068b800000, 0x000000068b900000|  0%| F|  |TAMS 0x000000068b800000, 0x000000068b800000| Untracked 
| 159|0x000000068b900000, 0x000000068b900000, 0x000000068ba00000|  0%| F|  |TAMS 0x000000068b900000, 0x000000068b900000| Untracked 
| 160|0x000000068ba00000, 0x000000068ba00000, 0x000000068bb00000|  0%| F|  |TAMS 0x000000068ba00000, 0x000000068ba00000| Untracked 
| 161|0x000000068bb00000, 0x000000068bb00000, 0x000000068bc00000|  0%| F|  |TAMS 0x000000068bb00000, 0x000000068bb00000| Untracked 
| 162|0x000000068bc00000, 0x000000068bc00000, 0x000000068bd00000|  0%| F|  |TAMS 0x000000068bc00000, 0x000000068bc00000| Untracked 
| 163|0x000000068bd00000, 0x000000068bd00000, 0x000000068be00000|  0%| F|  |TAMS 0x000000068bd00000, 0x000000068bd00000| Untracked 
| 164|0x000000068be00000, 0x000000068be00000, 0x000000068bf00000|  0%| F|  |TAMS 0x000000068be00000, 0x000000068be00000| Untracked 
| 165|0x000000068bf00000, 0x000000068bf00000, 0x000000068c000000|  0%| F|  |TAMS 0x000000068bf00000, 0x000000068bf00000| Untracked 
| 166|0x000000068c000000, 0x000000068c000000, 0x000000068c100000|  0%| F|  |TAMS 0x000000068c000000, 0x000000068c000000| Untracked 
| 167|0x000000068c100000, 0x000000068c100000, 0x000000068c200000|  0%| F|  |TAMS 0x000000068c100000, 0x000000068c100000| Untracked 
| 168|0x000000068c200000, 0x000000068c200000, 0x000000068c300000|  0%| F|  |TAMS 0x000000068c200000, 0x000000068c200000| Untracked 
| 169|0x000000068c300000, 0x000000068c300000, 0x000000068c400000|  0%| F|  |TAMS 0x000000068c300000, 0x000000068c300000| Untracked 
| 170|0x000000068c400000, 0x000000068c400000, 0x000000068c500000|  0%| F|  |TAMS 0x000000068c400000, 0x000000068c400000| Untracked 
| 171|0x000000068c500000, 0x000000068c500000, 0x000000068c600000|  0%| F|  |TAMS 0x000000068c500000, 0x000000068c500000| Untracked 
| 172|0x000000068c600000, 0x000000068c600000, 0x000000068c700000|  0%| F|  |TAMS 0x000000068c600000, 0x000000068c600000| Untracked 
| 173|0x000000068c700000, 0x000000068c700000, 0x000000068c800000|  0%| F|  |TAMS 0x000000068c700000, 0x000000068c700000| Untracked 
| 174|0x000000068c800000, 0x000000068c800000, 0x000000068c900000|  0%| F|  |TAMS 0x000000068c800000, 0x000000068c800000| Untracked 
| 175|0x000000068c900000, 0x000000068c900000, 0x000000068ca00000|  0%| F|  |TAMS 0x000000068c900000, 0x000000068c900000| Untracked 
| 176|0x000000068ca00000, 0x000000068ca00000, 0x000000068cb00000|  0%| F|  |TAMS 0x000000068ca00000, 0x000000068ca00000| Untracked 
| 177|0x000000068cb00000, 0x000000068cb00000, 0x000000068cc00000|  0%| F|  |TAMS 0x000000068cb00000, 0x000000068cb00000| Untracked 
| 178|0x000000068cc00000, 0x000000068cc00000, 0x000000068cd00000|  0%| F|  |TAMS 0x000000068cc00000, 0x000000068cc00000| Untracked 
| 179|0x000000068cd00000, 0x000000068cd00000, 0x000000068ce00000|  0%| F|  |TAMS 0x000000068cd00000, 0x000000068cd00000| Untracked 
| 180|0x000000068ce00000, 0x000000068ce00000, 0x000000068cf00000|  0%| F|  |TAMS 0x000000068ce00000, 0x000000068ce00000| Untracked 
| 181|0x000000068cf00000, 0x000000068cf00000, 0x000000068d000000|  0%| F|  |TAMS 0x000000068cf00000, 0x000000068cf00000| Untracked 
| 182|0x000000068d000000, 0x000000068d000000, 0x000000068d100000|  0%| F|  |TAMS 0x000000068d000000, 0x000000068d000000| Untracked 
| 183|0x000000068d100000, 0x000000068d100000, 0x000000068d200000|  0%| F|  |TAMS 0x000000068d100000, 0x000000068d100000| Untracked 
| 184|0x000000068d200000, 0x000000068d200000, 0x000000068d300000|  0%| F|  |TAMS 0x000000068d200000, 0x000000068d200000| Untracked 
| 185|0x000000068d300000, 0x000000068d300000, 0x000000068d400000|  0%| F|  |TAMS 0x000000068d300000, 0x000000068d300000| Untracked 
| 186|0x000000068d400000, 0x000000068d400000, 0x000000068d500000|  0%| F|  |TAMS 0x000000068d400000, 0x000000068d400000| Untracked 
| 187|0x000000068d500000, 0x000000068d500000, 0x000000068d600000|  0%| F|  |TAMS 0x000000068d500000, 0x000000068d500000| Untracked 
| 188|0x000000068d600000, 0x000000068d600000, 0x000000068d700000|  0%| F|  |TAMS 0x000000068d600000, 0x000000068d600000| Untracked 
| 189|0x000000068d700000, 0x000000068d700000, 0x000000068d800000|  0%| F|  |TAMS 0x000000068d700000, 0x000000068d700000| Untracked 
| 190|0x000000068d800000, 0x000000068d800000, 0x000000068d900000|  0%| F|  |TAMS 0x000000068d800000, 0x000000068d800000| Untracked 
| 191|0x000000068d900000, 0x000000068d900000, 0x000000068da00000|  0%| F|  |TAMS 0x000000068d900000, 0x000000068d900000| Untracked 
| 192|0x000000068da00000, 0x000000068da00000, 0x000000068db00000|  0%| F|  |TAMS 0x000000068da00000, 0x000000068da00000| Untracked 
| 193|0x000000068db00000, 0x000000068db00000, 0x000000068dc00000|  0%| F|  |TAMS 0x000000068db00000, 0x000000068db00000| Untracked 
| 194|0x000000068dc00000, 0x000000068dc00000, 0x000000068dd00000|  0%| F|  |TAMS 0x000000068dc00000, 0x000000068dc00000| Untracked 
| 195|0x000000068dd00000, 0x000000068dd00000, 0x000000068de00000|  0%| F|  |TAMS 0x000000068dd00000, 0x000000068dd00000| Untracked 
| 196|0x000000068de00000, 0x000000068de00000, 0x000000068df00000|  0%| F|  |TAMS 0x000000068de00000, 0x000000068de00000| Untracked 
| 197|0x000000068df00000, 0x000000068df00000, 0x000000068e000000|  0%| F|  |TAMS 0x000000068df00000, 0x000000068df00000| Untracked 
| 198|0x000000068e000000, 0x000000068e000000, 0x000000068e100000|  0%| F|  |TAMS 0x000000068e000000, 0x000000068e000000| Untracked 
| 199|0x000000068e100000, 0x000000068e100000, 0x000000068e200000|  0%| F|  |TAMS 0x000000068e100000, 0x000000068e100000| Untracked 
| 200|0x000000068e200000, 0x000000068e200000, 0x000000068e300000|  0%| F|  |TAMS 0x000000068e200000, 0x000000068e200000| Untracked 
| 201|0x000000068e300000, 0x000000068e300000, 0x000000068e400000|  0%| F|  |TAMS 0x000000068e300000, 0x000000068e300000| Untracked 
| 202|0x000000068e400000, 0x000000068e400000, 0x000000068e500000|  0%| F|  |TAMS 0x000000068e400000, 0x000000068e400000| Untracked 
| 203|0x000000068e500000, 0x000000068e500000, 0x000000068e600000|  0%| F|  |TAMS 0x000000068e500000, 0x000000068e500000| Untracked 
| 204|0x000000068e600000, 0x000000068e600000, 0x000000068e700000|  0%| F|  |TAMS 0x000000068e600000, 0x000000068e600000| Untracked 
| 205|0x000000068e700000, 0x000000068e700000, 0x000000068e800000|  0%| F|  |TAMS 0x000000068e700000, 0x000000068e700000| Untracked 
| 206|0x000000068e800000, 0x000000068e800000, 0x000000068e900000|  0%| F|  |TAMS 0x000000068e800000, 0x000000068e800000| Untracked 
| 207|0x000000068e900000, 0x000000068e900000, 0x000000068ea00000|  0%| F|  |TAMS 0x000000068e900000, 0x000000068e900000| Untracked 
| 208|0x000000068ea00000, 0x000000068ea00000, 0x000000068eb00000|  0%| F|  |TAMS 0x000000068ea00000, 0x000000068ea00000| Untracked 
| 209|0x000000068eb00000, 0x000000068eb00000, 0x000000068ec00000|  0%| F|  |TAMS 0x000000068eb00000, 0x000000068eb00000| Untracked 
| 210|0x000000068ec00000, 0x000000068ec00000, 0x000000068ed00000|  0%| F|  |TAMS 0x000000068ec00000, 0x000000068ec00000| Untracked 
| 211|0x000000068ed00000, 0x000000068ed00000, 0x000000068ee00000|  0%| F|  |TAMS 0x000000068ed00000, 0x000000068ed00000| Untracked 
| 212|0x000000068ee00000, 0x000000068ee00000, 0x000000068ef00000|  0%| F|  |TAMS 0x000000068ee00000, 0x000000068ee00000| Untracked 
| 213|0x000000068ef00000, 0x000000068ef00000, 0x000000068f000000|  0%| F|  |TAMS 0x000000068ef00000, 0x000000068ef00000| Untracked 
| 214|0x000000068f000000, 0x000000068f000000, 0x000000068f100000|  0%| F|  |TAMS 0x000000068f000000, 0x000000068f000000| Untracked 
| 215|0x000000068f100000, 0x000000068f100000, 0x000000068f200000|  0%| F|  |TAMS 0x000000068f100000, 0x000000068f100000| Untracked 
| 216|0x000000068f200000, 0x000000068f200000, 0x000000068f300000|  0%| F|  |TAMS 0x000000068f200000, 0x000000068f200000| Untracked 
| 217|0x000000068f300000, 0x000000068f300000, 0x000000068f400000|  0%| F|  |TAMS 0x000000068f300000, 0x000000068f300000| Untracked 
| 218|0x000000068f400000, 0x000000068f400000, 0x000000068f500000|  0%| F|  |TAMS 0x000000068f400000, 0x000000068f400000| Untracked 
| 219|0x000000068f500000, 0x000000068f500000, 0x000000068f600000|  0%| F|  |TAMS 0x000000068f500000, 0x000000068f500000| Untracked 
| 220|0x000000068f600000, 0x000000068f600000, 0x000000068f700000|  0%| F|  |TAMS 0x000000068f600000, 0x000000068f600000| Untracked 
| 221|0x000000068f700000, 0x000000068f700000, 0x000000068f800000|  0%| F|  |TAMS 0x000000068f700000, 0x000000068f700000| Untracked 
| 222|0x000000068f800000, 0x000000068f800000, 0x000000068f900000|  0%| F|  |TAMS 0x000000068f800000, 0x000000068f800000| Untracked 
| 223|0x000000068f900000, 0x000000068f900000, 0x000000068fa00000|  0%| F|  |TAMS 0x000000068f900000, 0x000000068f900000| Untracked 
| 224|0x000000068fa00000, 0x000000068fa00000, 0x000000068fb00000|  0%| F|  |TAMS 0x000000068fa00000, 0x000000068fa00000| Untracked 
| 225|0x000000068fb00000, 0x000000068fb00000, 0x000000068fc00000|  0%| F|  |TAMS 0x000000068fb00000, 0x000000068fb00000| Untracked 
| 226|0x000000068fc00000, 0x000000068fc00000, 0x000000068fd00000|  0%| F|  |TAMS 0x000000068fc00000, 0x000000068fc00000| Untracked 
| 227|0x000000068fd00000, 0x000000068fd00000, 0x000000068fe00000|  0%| F|  |TAMS 0x000000068fd00000, 0x000000068fd00000| Untracked 
| 228|0x000000068fe00000, 0x000000068fe00000, 0x000000068ff00000|  0%| F|  |TAMS 0x000000068fe00000, 0x000000068fe00000| Untracked 
| 229|0x000000068ff00000, 0x000000068ff00000, 0x0000000690000000|  0%| F|  |TAMS 0x000000068ff00000, 0x000000068ff00000| Untracked 
| 230|0x0000000690000000, 0x0000000690000000, 0x0000000690100000|  0%| F|  |TAMS 0x0000000690000000, 0x0000000690000000| Untracked 
| 231|0x0000000690100000, 0x0000000690100000, 0x0000000690200000|  0%| F|  |TAMS 0x0000000690100000, 0x0000000690100000| Untracked 
| 232|0x0000000690200000, 0x0000000690200000, 0x0000000690300000|  0%| F|  |TAMS 0x0000000690200000, 0x0000000690200000| Untracked 
| 233|0x0000000690300000, 0x0000000690300000, 0x0000000690400000|  0%| F|  |TAMS 0x0000000690300000, 0x0000000690300000| Untracked 
| 234|0x0000000690400000, 0x0000000690400000, 0x0000000690500000|  0%| F|  |TAMS 0x0000000690400000, 0x0000000690400000| Untracked 
| 235|0x0000000690500000, 0x0000000690500000, 0x0000000690600000|  0%| F|  |TAMS 0x0000000690500000, 0x0000000690500000| Untracked 
| 236|0x0000000690600000, 0x0000000690600000, 0x0000000690700000|  0%| F|  |TAMS 0x0000000690600000, 0x0000000690600000| Untracked 
| 237|0x0000000690700000, 0x0000000690700000, 0x0000000690800000|  0%| F|  |TAMS 0x0000000690700000, 0x0000000690700000| Untracked 
| 238|0x0000000690800000, 0x0000000690800000, 0x0000000690900000|  0%| F|  |TAMS 0x0000000690800000, 0x0000000690800000| Untracked 
| 239|0x0000000690900000, 0x0000000690900000, 0x0000000690a00000|  0%| F|  |TAMS 0x0000000690900000, 0x0000000690900000| Untracked 
| 240|0x0000000690a00000, 0x0000000690a00000, 0x0000000690b00000|  0%| F|  |TAMS 0x0000000690a00000, 0x0000000690a00000| Untracked 
| 241|0x0000000690b00000, 0x0000000690b00000, 0x0000000690c00000|  0%| F|  |TAMS 0x0000000690b00000, 0x0000000690b00000| Untracked 
| 242|0x0000000690c00000, 0x0000000690c00000, 0x0000000690d00000|  0%| F|  |TAMS 0x0000000690c00000, 0x0000000690c00000| Untracked 
| 243|0x0000000690d00000, 0x0000000690d00000, 0x0000000690e00000|  0%| F|  |TAMS 0x0000000690d00000, 0x0000000690d00000| Untracked 
| 244|0x0000000690e00000, 0x0000000690e00000, 0x0000000690f00000|  0%| F|  |TAMS 0x0000000690e00000, 0x0000000690e00000| Untracked 
| 245|0x0000000690f00000, 0x0000000690f00000, 0x0000000691000000|  0%| F|  |TAMS 0x0000000690f00000, 0x0000000690f00000| Untracked 
| 246|0x0000000691000000, 0x0000000691000000, 0x0000000691100000|  0%| F|  |TAMS 0x0000000691000000, 0x0000000691000000| Untracked 
| 247|0x0000000691100000, 0x0000000691100000, 0x0000000691200000|  0%| F|  |TAMS 0x0000000691100000, 0x0000000691100000| Untracked 
| 248|0x0000000691200000, 0x0000000691200000, 0x0000000691300000|  0%| F|  |TAMS 0x0000000691200000, 0x0000000691200000| Untracked 
| 249|0x0000000691300000, 0x0000000691300000, 0x0000000691400000|  0%| F|  |TAMS 0x0000000691300000, 0x0000000691300000| Untracked 
| 250|0x0000000691400000, 0x0000000691400000, 0x0000000691500000|  0%| F|  |TAMS 0x0000000691400000, 0x0000000691400000| Untracked 
| 251|0x0000000691500000, 0x0000000691500000, 0x0000000691600000|  0%| F|  |TAMS 0x0000000691500000, 0x0000000691500000| Untracked 
| 252|0x0000000691600000, 0x0000000691600000, 0x0000000691700000|  0%| F|  |TAMS 0x0000000691600000, 0x0000000691600000| Untracked 
| 253|0x0000000691700000, 0x0000000691700000, 0x0000000691800000|  0%| F|  |TAMS 0x0000000691700000, 0x0000000691700000| Untracked 
| 254|0x0000000691800000, 0x0000000691800000, 0x0000000691900000|  0%| F|  |TAMS 0x0000000691800000, 0x0000000691800000| Untracked 
| 255|0x0000000691900000, 0x0000000691900000, 0x0000000691a00000|  0%| F|  |TAMS 0x0000000691900000, 0x0000000691900000| Untracked 
| 256|0x0000000691a00000, 0x0000000691a00000, 0x0000000691b00000|  0%| F|  |TAMS 0x0000000691a00000, 0x0000000691a00000| Untracked 
| 257|0x0000000691b00000, 0x0000000691b00000, 0x0000000691c00000|  0%| F|  |TAMS 0x0000000691b00000, 0x0000000691b00000| Untracked 
| 258|0x0000000691c00000, 0x0000000691c00000, 0x0000000691d00000|  0%| F|  |TAMS 0x0000000691c00000, 0x0000000691c00000| Untracked 
| 259|0x0000000691d00000, 0x0000000691d00000, 0x0000000691e00000|  0%| F|  |TAMS 0x0000000691d00000, 0x0000000691d00000| Untracked 
| 260|0x0000000691e00000, 0x0000000691e00000, 0x0000000691f00000|  0%| F|  |TAMS 0x0000000691e00000, 0x0000000691e00000| Untracked 
| 261|0x0000000691f00000, 0x0000000691f00000, 0x0000000692000000|  0%| F|  |TAMS 0x0000000691f00000, 0x0000000691f00000| Untracked 
| 262|0x0000000692000000, 0x0000000692000000, 0x0000000692100000|  0%| F|  |TAMS 0x0000000692000000, 0x0000000692000000| Untracked 
| 263|0x0000000692100000, 0x0000000692100000, 0x0000000692200000|  0%| F|  |TAMS 0x0000000692100000, 0x0000000692100000| Untracked 
| 264|0x0000000692200000, 0x0000000692200000, 0x0000000692300000|  0%| F|  |TAMS 0x0000000692200000, 0x0000000692200000| Untracked 
| 265|0x0000000692300000, 0x0000000692300000, 0x0000000692400000|  0%| F|  |TAMS 0x0000000692300000, 0x0000000692300000| Untracked 
| 266|0x0000000692400000, 0x0000000692400000, 0x0000000692500000|  0%| F|  |TAMS 0x0000000692400000, 0x0000000692400000| Untracked 
| 267|0x0000000692500000, 0x0000000692500000, 0x0000000692600000|  0%| F|  |TAMS 0x0000000692500000, 0x0000000692500000| Untracked 
| 268|0x0000000692600000, 0x0000000692600000, 0x0000000692700000|  0%| F|  |TAMS 0x0000000692600000, 0x0000000692600000| Untracked 
| 269|0x0000000692700000, 0x0000000692700000, 0x0000000692800000|  0%| F|  |TAMS 0x0000000692700000, 0x0000000692700000| Untracked 
| 270|0x0000000692800000, 0x0000000692800000, 0x0000000692900000|  0%| F|  |TAMS 0x0000000692800000, 0x0000000692800000| Untracked 
| 271|0x0000000692900000, 0x0000000692900000, 0x0000000692a00000|  0%| F|  |TAMS 0x0000000692900000, 0x0000000692900000| Untracked 
| 272|0x0000000692a00000, 0x0000000692a00000, 0x0000000692b00000|  0%| F|  |TAMS 0x0000000692a00000, 0x0000000692a00000| Untracked 
| 273|0x0000000692b00000, 0x0000000692b00000, 0x0000000692c00000|  0%| F|  |TAMS 0x0000000692b00000, 0x0000000692b00000| Untracked 
| 274|0x0000000692c00000, 0x0000000692c00000, 0x0000000692d00000|  0%| F|  |TAMS 0x0000000692c00000, 0x0000000692c00000| Untracked 
| 275|0x0000000692d00000, 0x0000000692d00000, 0x0000000692e00000|  0%| F|  |TAMS 0x0000000692d00000, 0x0000000692d00000| Untracked 
| 276|0x0000000692e00000, 0x0000000692e00000, 0x0000000692f00000|  0%| F|  |TAMS 0x0000000692e00000, 0x0000000692e00000| Untracked 
| 277|0x0000000692f00000, 0x0000000692f00000, 0x0000000693000000|  0%| F|  |TAMS 0x0000000692f00000, 0x0000000692f00000| Untracked 
| 278|0x0000000693000000, 0x0000000693000000, 0x0000000693100000|  0%| F|  |TAMS 0x0000000693000000, 0x0000000693000000| Untracked 
| 279|0x0000000693100000, 0x0000000693100000, 0x0000000693200000|  0%| F|  |TAMS 0x0000000693100000, 0x0000000693100000| Untracked 
| 280|0x0000000693200000, 0x0000000693200000, 0x0000000693300000|  0%| F|  |TAMS 0x0000000693200000, 0x0000000693200000| Untracked 
| 281|0x0000000693300000, 0x0000000693300000, 0x0000000693400000|  0%| F|  |TAMS 0x0000000693300000, 0x0000000693300000| Untracked 
| 282|0x0000000693400000, 0x0000000693400000, 0x0000000693500000|  0%| F|  |TAMS 0x0000000693400000, 0x0000000693400000| Untracked 
| 283|0x0000000693500000, 0x0000000693500000, 0x0000000693600000|  0%| F|  |TAMS 0x0000000693500000, 0x0000000693500000| Untracked 
| 284|0x0000000693600000, 0x0000000693600000, 0x0000000693700000|  0%| F|  |TAMS 0x0000000693600000, 0x0000000693600000| Untracked 
| 285|0x0000000693700000, 0x0000000693700000, 0x0000000693800000|  0%| F|  |TAMS 0x0000000693700000, 0x0000000693700000| Untracked 
| 286|0x0000000693800000, 0x0000000693800000, 0x0000000693900000|  0%| F|  |TAMS 0x0000000693800000, 0x0000000693800000| Untracked 
| 287|0x0000000693900000, 0x0000000693900000, 0x0000000693a00000|  0%| F|  |TAMS 0x0000000693900000, 0x0000000693900000| Untracked 
| 288|0x0000000693a00000, 0x0000000693a00000, 0x0000000693b00000|  0%| F|  |TAMS 0x0000000693a00000, 0x0000000693a00000| Untracked 
| 289|0x0000000693b00000, 0x0000000693b00000, 0x0000000693c00000|  0%| F|  |TAMS 0x0000000693b00000, 0x0000000693b00000| Untracked 
| 290|0x0000000693c00000, 0x0000000693c00000, 0x0000000693d00000|  0%| F|  |TAMS 0x0000000693c00000, 0x0000000693c00000| Untracked 
| 291|0x0000000693d00000, 0x0000000693d00000, 0x0000000693e00000|  0%| F|  |TAMS 0x0000000693d00000, 0x0000000693d00000| Untracked 
| 292|0x0000000693e00000, 0x0000000693e00000, 0x0000000693f00000|  0%| F|  |TAMS 0x0000000693e00000, 0x0000000693e00000| Untracked 
| 293|0x0000000693f00000, 0x0000000693f00000, 0x0000000694000000|  0%| F|  |TAMS 0x0000000693f00000, 0x0000000693f00000| Untracked 
| 294|0x0000000694000000, 0x0000000694000000, 0x0000000694100000|  0%| F|  |TAMS 0x0000000694000000, 0x0000000694000000| Untracked 
| 295|0x0000000694100000, 0x0000000694100000, 0x0000000694200000|  0%| F|  |TAMS 0x0000000694100000, 0x0000000694100000| Untracked 
| 296|0x0000000694200000, 0x0000000694200000, 0x0000000694300000|  0%| F|  |TAMS 0x0000000694200000, 0x0000000694200000| Untracked 
| 297|0x0000000694300000, 0x0000000694300000, 0x0000000694400000|  0%| F|  |TAMS 0x0000000694300000, 0x0000000694300000| Untracked 
| 298|0x0000000694400000, 0x0000000694400000, 0x0000000694500000|  0%| F|  |TAMS 0x0000000694400000, 0x0000000694400000| Untracked 
| 299|0x0000000694500000, 0x0000000694500000, 0x0000000694600000|  0%| F|  |TAMS 0x0000000694500000, 0x0000000694500000| Untracked 
| 300|0x0000000694600000, 0x0000000694600000, 0x0000000694700000|  0%| F|  |TAMS 0x0000000694600000, 0x0000000694600000| Untracked 
| 301|0x0000000694700000, 0x0000000694700000, 0x0000000694800000|  0%| F|  |TAMS 0x0000000694700000, 0x0000000694700000| Untracked 
| 302|0x0000000694800000, 0x0000000694800000, 0x0000000694900000|  0%| F|  |TAMS 0x0000000694800000, 0x0000000694800000| Untracked 
| 303|0x0000000694900000, 0x0000000694900000, 0x0000000694a00000|  0%| F|  |TAMS 0x0000000694900000, 0x0000000694900000| Untracked 
| 304|0x0000000694a00000, 0x0000000694a00000, 0x0000000694b00000|  0%| F|  |TAMS 0x0000000694a00000, 0x0000000694a00000| Untracked 
| 305|0x0000000694b00000, 0x0000000694b00000, 0x0000000694c00000|  0%| F|  |TAMS 0x0000000694b00000, 0x0000000694b00000| Untracked 
| 306|0x0000000694c00000, 0x0000000694c00000, 0x0000000694d00000|  0%| F|  |TAMS 0x0000000694c00000, 0x0000000694c00000| Untracked 
| 307|0x0000000694d00000, 0x0000000694d00000, 0x0000000694e00000|  0%| F|  |TAMS 0x0000000694d00000, 0x0000000694d00000| Untracked 
| 308|0x0000000694e00000, 0x0000000694e00000, 0x0000000694f00000|  0%| F|  |TAMS 0x0000000694e00000, 0x0000000694e00000| Untracked 
| 309|0x0000000694f00000, 0x0000000694f00000, 0x0000000695000000|  0%| F|  |TAMS 0x0000000694f00000, 0x0000000694f00000| Untracked 
| 310|0x0000000695000000, 0x0000000695000000, 0x0000000695100000|  0%| F|  |TAMS 0x0000000695000000, 0x0000000695000000| Untracked 
| 311|0x0000000695100000, 0x0000000695100000, 0x0000000695200000|  0%| F|  |TAMS 0x0000000695100000, 0x0000000695100000| Untracked 
| 312|0x0000000695200000, 0x0000000695200000, 0x0000000695300000|  0%| F|  |TAMS 0x0000000695200000, 0x0000000695200000| Untracked 
| 313|0x0000000695300000, 0x0000000695300000, 0x0000000695400000|  0%| F|  |TAMS 0x0000000695300000, 0x0000000695300000| Untracked 
| 314|0x0000000695400000, 0x0000000695400000, 0x0000000695500000|  0%| F|  |TAMS 0x0000000695400000, 0x0000000695400000| Untracked 
| 315|0x0000000695500000, 0x0000000695500000, 0x0000000695600000|  0%| F|  |TAMS 0x0000000695500000, 0x0000000695500000| Untracked 
| 316|0x0000000695600000, 0x0000000695600000, 0x0000000695700000|  0%| F|  |TAMS 0x0000000695600000, 0x0000000695600000| Untracked 
| 317|0x0000000695700000, 0x0000000695700000, 0x0000000695800000|  0%| F|  |TAMS 0x0000000695700000, 0x0000000695700000| Untracked 
| 318|0x0000000695800000, 0x0000000695800000, 0x0000000695900000|  0%| F|  |TAMS 0x0000000695800000, 0x0000000695800000| Untracked 
| 319|0x0000000695900000, 0x0000000695900000, 0x0000000695a00000|  0%| F|  |TAMS 0x0000000695900000, 0x0000000695900000| Untracked 
| 320|0x0000000695a00000, 0x0000000695a00000, 0x0000000695b00000|  0%| F|  |TAMS 0x0000000695a00000, 0x0000000695a00000| Untracked 
| 321|0x0000000695b00000, 0x0000000695b00000, 0x0000000695c00000|  0%| F|  |TAMS 0x0000000695b00000, 0x0000000695b00000| Untracked 
| 322|0x0000000695c00000, 0x0000000695c00000, 0x0000000695d00000|  0%| F|  |TAMS 0x0000000695c00000, 0x0000000695c00000| Untracked 
| 323|0x0000000695d00000, 0x0000000695d00000, 0x0000000695e00000|  0%| F|  |TAMS 0x0000000695d00000, 0x0000000695d00000| Untracked 
| 324|0x0000000695e00000, 0x0000000695e00000, 0x0000000695f00000|  0%| F|  |TAMS 0x0000000695e00000, 0x0000000695e00000| Untracked 
| 325|0x0000000695f00000, 0x0000000695f00000, 0x0000000696000000|  0%| F|  |TAMS 0x0000000695f00000, 0x0000000695f00000| Untracked 
| 326|0x0000000696000000, 0x0000000696000000, 0x0000000696100000|  0%| F|  |TAMS 0x0000000696000000, 0x0000000696000000| Untracked 
| 327|0x0000000696100000, 0x0000000696100000, 0x0000000696200000|  0%| F|  |TAMS 0x0000000696100000, 0x0000000696100000| Untracked 
| 328|0x0000000696200000, 0x0000000696200000, 0x0000000696300000|  0%| F|  |TAMS 0x0000000696200000, 0x0000000696200000| Untracked 
| 329|0x0000000696300000, 0x0000000696300000, 0x0000000696400000|  0%| F|  |TAMS 0x0000000696300000, 0x0000000696300000| Untracked 
| 330|0x0000000696400000, 0x0000000696400000, 0x0000000696500000|  0%| F|  |TAMS 0x0000000696400000, 0x0000000696400000| Untracked 
| 331|0x0000000696500000, 0x0000000696500000, 0x0000000696600000|  0%| F|  |TAMS 0x0000000696500000, 0x0000000696500000| Untracked 
| 332|0x0000000696600000, 0x0000000696600000, 0x0000000696700000|  0%| F|  |TAMS 0x0000000696600000, 0x0000000696600000| Untracked 
| 333|0x0000000696700000, 0x0000000696700000, 0x0000000696800000|  0%| F|  |TAMS 0x0000000696700000, 0x0000000696700000| Untracked 
| 334|0x0000000696800000, 0x0000000696800000, 0x0000000696900000|  0%| F|  |TAMS 0x0000000696800000, 0x0000000696800000| Untracked 
| 335|0x0000000696900000, 0x0000000696900000, 0x0000000696a00000|  0%| F|  |TAMS 0x0000000696900000, 0x0000000696900000| Untracked 
| 336|0x0000000696a00000, 0x0000000696a00000, 0x0000000696b00000|  0%| F|  |TAMS 0x0000000696a00000, 0x0000000696a00000| Untracked 
| 337|0x0000000696b00000, 0x0000000696b00000, 0x0000000696c00000|  0%| F|  |TAMS 0x0000000696b00000, 0x0000000696b00000| Untracked 
| 338|0x0000000696c00000, 0x0000000696c00000, 0x0000000696d00000|  0%| F|  |TAMS 0x0000000696c00000, 0x0000000696c00000| Untracked 
| 339|0x0000000696d00000, 0x0000000696d00000, 0x0000000696e00000|  0%| F|  |TAMS 0x0000000696d00000, 0x0000000696d00000| Untracked 
| 340|0x0000000696e00000, 0x0000000696e00000, 0x0000000696f00000|  0%| F|  |TAMS 0x0000000696e00000, 0x0000000696e00000| Untracked 
| 341|0x0000000696f00000, 0x0000000696f00000, 0x0000000697000000|  0%| F|  |TAMS 0x0000000696f00000, 0x0000000696f00000| Untracked 
| 342|0x0000000697000000, 0x0000000697000000, 0x0000000697100000|  0%| F|  |TAMS 0x0000000697000000, 0x0000000697000000| Untracked 
| 343|0x0000000697100000, 0x0000000697100000, 0x0000000697200000|  0%| F|  |TAMS 0x0000000697100000, 0x0000000697100000| Untracked 
| 344|0x0000000697200000, 0x0000000697200000, 0x0000000697300000|  0%| F|  |TAMS 0x0000000697200000, 0x0000000697200000| Untracked 
| 345|0x0000000697300000, 0x0000000697300000, 0x0000000697400000|  0%| F|  |TAMS 0x0000000697300000, 0x0000000697300000| Untracked 
| 346|0x0000000697400000, 0x0000000697400000, 0x0000000697500000|  0%| F|  |TAMS 0x0000000697400000, 0x0000000697400000| Untracked 
| 347|0x0000000697500000, 0x0000000697500000, 0x0000000697600000|  0%| F|  |TAMS 0x0000000697500000, 0x0000000697500000| Untracked 
| 348|0x0000000697600000, 0x0000000697600000, 0x0000000697700000|  0%| F|  |TAMS 0x0000000697600000, 0x0000000697600000| Untracked 
| 349|0x0000000697700000, 0x0000000697700000, 0x0000000697800000|  0%| F|  |TAMS 0x0000000697700000, 0x0000000697700000| Untracked 
| 350|0x0000000697800000, 0x0000000697800000, 0x0000000697900000|  0%| F|  |TAMS 0x0000000697800000, 0x0000000697800000| Untracked 
| 351|0x0000000697900000, 0x0000000697900000, 0x0000000697a00000|  0%| F|  |TAMS 0x0000000697900000, 0x0000000697900000| Untracked 
| 352|0x0000000697a00000, 0x0000000697a00000, 0x0000000697b00000|  0%| F|  |TAMS 0x0000000697a00000, 0x0000000697a00000| Untracked 
| 353|0x0000000697b00000, 0x0000000697b00000, 0x0000000697c00000|  0%| F|  |TAMS 0x0000000697b00000, 0x0000000697b00000| Untracked 
| 354|0x0000000697c00000, 0x0000000697c00000, 0x0000000697d00000|  0%| F|  |TAMS 0x0000000697c00000, 0x0000000697c00000| Untracked 
| 355|0x0000000697d00000, 0x0000000697d00000, 0x0000000697e00000|  0%| F|  |TAMS 0x0000000697d00000, 0x0000000697d00000| Untracked 
| 356|0x0000000697e00000, 0x0000000697e00000, 0x0000000697f00000|  0%| F|  |TAMS 0x0000000697e00000, 0x0000000697e00000| Untracked 
| 357|0x0000000697f00000, 0x0000000697f00000, 0x0000000698000000|  0%| F|  |TAMS 0x0000000697f00000, 0x0000000697f00000| Untracked 
| 358|0x0000000698000000, 0x0000000698000000, 0x0000000698100000|  0%| F|  |TAMS 0x0000000698000000, 0x0000000698000000| Untracked 
| 359|0x0000000698100000, 0x0000000698100000, 0x0000000698200000|  0%| F|  |TAMS 0x0000000698100000, 0x0000000698100000| Untracked 
| 360|0x0000000698200000, 0x0000000698200000, 0x0000000698300000|  0%| F|  |TAMS 0x0000000698200000, 0x0000000698200000| Untracked 
| 361|0x0000000698300000, 0x0000000698300000, 0x0000000698400000|  0%| F|  |TAMS 0x0000000698300000, 0x0000000698300000| Untracked 
| 362|0x0000000698400000, 0x0000000698400000, 0x0000000698500000|  0%| F|  |TAMS 0x0000000698400000, 0x0000000698400000| Untracked 
| 363|0x0000000698500000, 0x0000000698500000, 0x0000000698600000|  0%| F|  |TAMS 0x0000000698500000, 0x0000000698500000| Untracked 
| 364|0x0000000698600000, 0x0000000698600000, 0x0000000698700000|  0%| F|  |TAMS 0x0000000698600000, 0x0000000698600000| Untracked 
| 365|0x0000000698700000, 0x0000000698700000, 0x0000000698800000|  0%| F|  |TAMS 0x0000000698700000, 0x0000000698700000| Untracked 
| 366|0x0000000698800000, 0x0000000698800000, 0x0000000698900000|  0%| F|  |TAMS 0x0000000698800000, 0x0000000698800000| Untracked 
| 367|0x0000000698900000, 0x0000000698900000, 0x0000000698a00000|  0%| F|  |TAMS 0x0000000698900000, 0x0000000698900000| Untracked 
| 368|0x0000000698a00000, 0x0000000698a00000, 0x0000000698b00000|  0%| F|  |TAMS 0x0000000698a00000, 0x0000000698a00000| Untracked 
| 369|0x0000000698b00000, 0x0000000698b00000, 0x0000000698c00000|  0%| F|  |TAMS 0x0000000698b00000, 0x0000000698b00000| Untracked 
| 370|0x0000000698c00000, 0x0000000698c00000, 0x0000000698d00000|  0%| F|  |TAMS 0x0000000698c00000, 0x0000000698c00000| Untracked 
| 371|0x0000000698d00000, 0x0000000698d00000, 0x0000000698e00000|  0%| F|  |TAMS 0x0000000698d00000, 0x0000000698d00000| Untracked 
| 372|0x0000000698e00000, 0x0000000698e00000, 0x0000000698f00000|  0%| F|  |TAMS 0x0000000698e00000, 0x0000000698e00000| Untracked 
| 373|0x0000000698f00000, 0x0000000698f00000, 0x0000000699000000|  0%| F|  |TAMS 0x0000000698f00000, 0x0000000698f00000| Untracked 
| 374|0x0000000699000000, 0x0000000699000000, 0x0000000699100000|  0%| F|  |TAMS 0x0000000699000000, 0x0000000699000000| Untracked 
| 375|0x0000000699100000, 0x0000000699100000, 0x0000000699200000|  0%| F|  |TAMS 0x0000000699100000, 0x0000000699100000| Untracked 
| 376|0x0000000699200000, 0x0000000699200000, 0x0000000699300000|  0%| F|  |TAMS 0x0000000699200000, 0x0000000699200000| Untracked 
| 377|0x0000000699300000, 0x0000000699300000, 0x0000000699400000|  0%| F|  |TAMS 0x0000000699300000, 0x0000000699300000| Untracked 
| 378|0x0000000699400000, 0x0000000699400000, 0x0000000699500000|  0%| F|  |TAMS 0x0000000699400000, 0x0000000699400000| Untracked 
| 379|0x0000000699500000, 0x0000000699500000, 0x0000000699600000|  0%| F|  |TAMS 0x0000000699500000, 0x0000000699500000| Untracked 
| 380|0x0000000699600000, 0x0000000699600000, 0x0000000699700000|  0%| F|  |TAMS 0x0000000699600000, 0x0000000699600000| Untracked 
| 381|0x0000000699700000, 0x0000000699700000, 0x0000000699800000|  0%| F|  |TAMS 0x0000000699700000, 0x0000000699700000| Untracked 
| 382|0x0000000699800000, 0x0000000699800000, 0x0000000699900000|  0%| F|  |TAMS 0x0000000699800000, 0x0000000699800000| Untracked 
| 383|0x0000000699900000, 0x0000000699900000, 0x0000000699a00000|  0%| F|  |TAMS 0x0000000699900000, 0x0000000699900000| Untracked 
| 384|0x0000000699a00000, 0x0000000699a00000, 0x0000000699b00000|  0%| F|  |TAMS 0x0000000699a00000, 0x0000000699a00000| Untracked 
| 385|0x0000000699b00000, 0x0000000699b00000, 0x0000000699c00000|  0%| F|  |TAMS 0x0000000699b00000, 0x0000000699b00000| Untracked 
| 386|0x0000000699c00000, 0x0000000699c00000, 0x0000000699d00000|  0%| F|  |TAMS 0x0000000699c00000, 0x0000000699c00000| Untracked 
| 387|0x0000000699d00000, 0x0000000699d00000, 0x0000000699e00000|  0%| F|  |TAMS 0x0000000699d00000, 0x0000000699d00000| Untracked 
| 388|0x0000000699e00000, 0x0000000699e00000, 0x0000000699f00000|  0%| F|  |TAMS 0x0000000699e00000, 0x0000000699e00000| Untracked 
| 389|0x0000000699f00000, 0x0000000699f00000, 0x000000069a000000|  0%| F|  |TAMS 0x0000000699f00000, 0x0000000699f00000| Untracked 
| 390|0x000000069a000000, 0x000000069a000000, 0x000000069a100000|  0%| F|  |TAMS 0x000000069a000000, 0x000000069a000000| Untracked 
| 391|0x000000069a100000, 0x000000069a100000, 0x000000069a200000|  0%| F|  |TAMS 0x000000069a100000, 0x000000069a100000| Untracked 
| 392|0x000000069a200000, 0x000000069a200000, 0x000000069a300000|  0%| F|  |TAMS 0x000000069a200000, 0x000000069a200000| Untracked 
| 393|0x000000069a300000, 0x000000069a300000, 0x000000069a400000|  0%| F|  |TAMS 0x000000069a300000, 0x000000069a300000| Untracked 
| 394|0x000000069a400000, 0x000000069a400000, 0x000000069a500000|  0%| F|  |TAMS 0x000000069a400000, 0x000000069a400000| Untracked 
| 395|0x000000069a500000, 0x000000069a500000, 0x000000069a600000|  0%| F|  |TAMS 0x000000069a500000, 0x000000069a500000| Untracked 
| 396|0x000000069a600000, 0x000000069a600000, 0x000000069a700000|  0%| F|  |TAMS 0x000000069a600000, 0x000000069a600000| Untracked 
| 397|0x000000069a700000, 0x000000069a700000, 0x000000069a800000|  0%| F|  |TAMS 0x000000069a700000, 0x000000069a700000| Untracked 
| 398|0x000000069a800000, 0x000000069a800000, 0x000000069a900000|  0%| F|  |TAMS 0x000000069a800000, 0x000000069a800000| Untracked 
| 399|0x000000069a900000, 0x000000069a900000, 0x000000069aa00000|  0%| F|  |TAMS 0x000000069a900000, 0x000000069a900000| Untracked 
| 400|0x000000069aa00000, 0x000000069aa00000, 0x000000069ab00000|  0%| F|  |TAMS 0x000000069aa00000, 0x000000069aa00000| Untracked 
| 401|0x000000069ab00000, 0x000000069ac00000, 0x000000069ac00000|100%| E|  |TAMS 0x000000069ab00000, 0x000000069ab00000| Complete 
| 402|0x000000069ac00000, 0x000000069ad00000, 0x000000069ad00000|100%| E|CS|TAMS 0x000000069ac00000, 0x000000069ac00000| Complete 
| 403|0x000000069ad00000, 0x000000069ae00000, 0x000000069ae00000|100%| E|CS|TAMS 0x000000069ad00000, 0x000000069ad00000| Complete 
| 404|0x000000069ae00000, 0x000000069af00000, 0x000000069af00000|100%| E|CS|TAMS 0x000000069ae00000, 0x000000069ae00000| Complete 
| 405|0x000000069af00000, 0x000000069b000000, 0x000000069b000000|100%| E|CS|TAMS 0x000000069af00000, 0x000000069af00000| Complete 
| 406|0x000000069b000000, 0x000000069b100000, 0x000000069b100000|100%| E|CS|TAMS 0x000000069b000000, 0x000000069b000000| Complete 
| 407|0x000000069b100000, 0x000000069b200000, 0x000000069b200000|100%| E|CS|TAMS 0x000000069b100000, 0x000000069b100000| Complete 
| 408|0x000000069b200000, 0x000000069b300000, 0x000000069b300000|100%| E|CS|TAMS 0x000000069b200000, 0x000000069b200000| Complete 
| 409|0x000000069b300000, 0x000000069b400000, 0x000000069b400000|100%| E|CS|TAMS 0x000000069b300000, 0x000000069b300000| Complete 
| 410|0x000000069b400000, 0x000000069b500000, 0x000000069b500000|100%| E|CS|TAMS 0x000000069b400000, 0x000000069b400000| Complete 
| 411|0x000000069b500000, 0x000000069b600000, 0x000000069b600000|100%| E|CS|TAMS 0x000000069b500000, 0x000000069b500000| Complete 
| 412|0x000000069b600000, 0x000000069b700000, 0x000000069b700000|100%| E|CS|TAMS 0x000000069b600000, 0x000000069b600000| Complete 
| 413|0x000000069b700000, 0x000000069b800000, 0x000000069b800000|100%| E|CS|TAMS 0x000000069b700000, 0x000000069b700000| Complete 
| 414|0x000000069b800000, 0x000000069b900000, 0x000000069b900000|100%| E|CS|TAMS 0x000000069b800000, 0x000000069b800000| Complete 
| 415|0x000000069b900000, 0x000000069ba00000, 0x000000069ba00000|100%| E|CS|TAMS 0x000000069b900000, 0x000000069b900000| Complete 
| 416|0x000000069ba00000, 0x000000069bb00000, 0x000000069bb00000|100%| E|CS|TAMS 0x000000069ba00000, 0x000000069ba00000| Complete 
| 417|0x000000069bb00000, 0x000000069bc00000, 0x000000069bc00000|100%| E|CS|TAMS 0x000000069bb00000, 0x000000069bb00000| Complete 
| 418|0x000000069bc00000, 0x000000069bd00000, 0x000000069bd00000|100%| E|CS|TAMS 0x000000069bc00000, 0x000000069bc00000| Complete 
| 419|0x000000069bd00000, 0x000000069be00000, 0x000000069be00000|100%| E|CS|TAMS 0x000000069bd00000, 0x000000069bd00000| Complete 
| 420|0x000000069be00000, 0x000000069bf00000, 0x000000069bf00000|100%| E|CS|TAMS 0x000000069be00000, 0x000000069be00000| Complete 
| 421|0x000000069bf00000, 0x000000069c000000, 0x000000069c000000|100%| E|CS|TAMS 0x000000069bf00000, 0x000000069bf00000| Complete 
| 422|0x000000069c000000, 0x000000069c100000, 0x000000069c100000|100%| E|CS|TAMS 0x000000069c000000, 0x000000069c000000| Complete 
| 423|0x000000069c100000, 0x000000069c200000, 0x000000069c200000|100%| E|CS|TAMS 0x000000069c100000, 0x000000069c100000| Complete 
| 424|0x000000069c200000, 0x000000069c300000, 0x000000069c300000|100%| E|CS|TAMS 0x000000069c200000, 0x000000069c200000| Complete 
| 425|0x000000069c300000, 0x000000069c400000, 0x000000069c400000|100%| E|CS|TAMS 0x000000069c300000, 0x000000069c300000| Complete 
| 426|0x000000069c400000, 0x000000069c500000, 0x000000069c500000|100%| E|CS|TAMS 0x000000069c400000, 0x000000069c400000| Complete 
| 427|0x000000069c500000, 0x000000069c600000, 0x000000069c600000|100%| E|CS|TAMS 0x000000069c500000, 0x000000069c500000| Complete 
| 428|0x000000069c600000, 0x000000069c700000, 0x000000069c700000|100%| E|CS|TAMS 0x000000069c600000, 0x000000069c600000| Complete 
| 429|0x000000069c700000, 0x000000069c800000, 0x000000069c800000|100%| E|CS|TAMS 0x000000069c700000, 0x000000069c700000| Complete 
| 430|0x000000069c800000, 0x000000069c900000, 0x000000069c900000|100%| E|CS|TAMS 0x000000069c800000, 0x000000069c800000| Complete 
| 431|0x000000069c900000, 0x000000069ca00000, 0x000000069ca00000|100%| E|CS|TAMS 0x000000069c900000, 0x000000069c900000| Complete 
| 432|0x000000069ca00000, 0x000000069cb00000, 0x000000069cb00000|100%| E|CS|TAMS 0x000000069ca00000, 0x000000069ca00000| Complete 
| 433|0x000000069cb00000, 0x000000069cc00000, 0x000000069cc00000|100%| E|CS|TAMS 0x000000069cb00000, 0x000000069cb00000| Complete 
| 434|0x000000069cc00000, 0x000000069cd00000, 0x000000069cd00000|100%| E|CS|TAMS 0x000000069cc00000, 0x000000069cc00000| Complete 
| 435|0x000000069cd00000, 0x000000069ce00000, 0x000000069ce00000|100%| E|CS|TAMS 0x000000069cd00000, 0x000000069cd00000| Complete 
| 436|0x000000069ce00000, 0x000000069cf00000, 0x000000069cf00000|100%| E|CS|TAMS 0x000000069ce00000, 0x000000069ce00000| Complete 
| 437|0x000000069cf00000, 0x000000069d000000, 0x000000069d000000|100%| E|CS|TAMS 0x000000069cf00000, 0x000000069cf00000| Complete 
| 438|0x000000069d000000, 0x000000069d100000, 0x000000069d100000|100%| E|CS|TAMS 0x000000069d000000, 0x000000069d000000| Complete 
| 439|0x000000069d100000, 0x000000069d200000, 0x000000069d200000|100%| E|CS|TAMS 0x000000069d100000, 0x000000069d100000| Complete 
| 440|0x000000069d200000, 0x000000069d300000, 0x000000069d300000|100%| E|CS|TAMS 0x000000069d200000, 0x000000069d200000| Complete 
| 441|0x000000069d300000, 0x000000069d400000, 0x000000069d400000|100%| E|CS|TAMS 0x000000069d300000, 0x000000069d300000| Complete 
| 442|0x000000069d400000, 0x000000069d500000, 0x000000069d500000|100%| E|CS|TAMS 0x000000069d400000, 0x000000069d400000| Complete 
| 443|0x000000069d500000, 0x000000069d600000, 0x000000069d600000|100%| E|CS|TAMS 0x000000069d500000, 0x000000069d500000| Complete 
| 444|0x000000069d600000, 0x000000069d700000, 0x000000069d700000|100%| E|CS|TAMS 0x000000069d600000, 0x000000069d600000| Complete 
| 445|0x000000069d700000, 0x000000069d800000, 0x000000069d800000|100%| E|CS|TAMS 0x000000069d700000, 0x000000069d700000| Complete 
| 446|0x000000069d800000, 0x000000069d900000, 0x000000069d900000|100%| E|CS|TAMS 0x000000069d800000, 0x000000069d800000| Complete 
| 447|0x000000069d900000, 0x000000069da00000, 0x000000069da00000|100%| E|CS|TAMS 0x000000069d900000, 0x000000069d900000| Complete 
| 448|0x000000069da00000, 0x000000069db00000, 0x000000069db00000|100%| E|CS|TAMS 0x000000069da00000, 0x000000069da00000| Complete 
| 449|0x000000069db00000, 0x000000069dc00000, 0x000000069dc00000|100%| E|CS|TAMS 0x000000069db00000, 0x000000069db00000| Complete 
| 450|0x000000069dc00000, 0x000000069dd00000, 0x000000069dd00000|100%| E|CS|TAMS 0x000000069dc00000, 0x000000069dc00000| Complete 
| 451|0x000000069dd00000, 0x000000069de00000, 0x000000069de00000|100%| E|CS|TAMS 0x000000069dd00000, 0x000000069dd00000| Complete 
| 452|0x000000069de00000, 0x000000069df00000, 0x000000069df00000|100%| E|CS|TAMS 0x000000069de00000, 0x000000069de00000| Complete 
| 453|0x000000069df00000, 0x000000069e000000, 0x000000069e000000|100%| E|CS|TAMS 0x000000069df00000, 0x000000069df00000| Complete 
| 454|0x000000069e000000, 0x000000069e100000, 0x000000069e100000|100%| E|CS|TAMS 0x000000069e000000, 0x000000069e000000| Complete 
| 455|0x000000069e100000, 0x000000069e200000, 0x000000069e200000|100%| E|CS|TAMS 0x000000069e100000, 0x000000069e100000| Complete 
| 456|0x000000069e200000, 0x000000069e300000, 0x000000069e300000|100%| E|CS|TAMS 0x000000069e200000, 0x000000069e200000| Complete 
| 457|0x000000069e300000, 0x000000069e400000, 0x000000069e400000|100%| E|CS|TAMS 0x000000069e300000, 0x000000069e300000| Complete 
| 458|0x000000069e400000, 0x000000069e500000, 0x000000069e500000|100%| E|CS|TAMS 0x000000069e400000, 0x000000069e400000| Complete 
| 459|0x000000069e500000, 0x000000069e600000, 0x000000069e600000|100%| E|CS|TAMS 0x000000069e500000, 0x000000069e500000| Complete 
| 460|0x000000069e600000, 0x000000069e700000, 0x000000069e700000|100%| E|CS|TAMS 0x000000069e600000, 0x000000069e600000| Complete 

Card table byte_map: [0x000001d24cf20000,0x000001d24db20000] _byte_map_base: 0x000001d249b13000

Marking Bits (Prev, Next): (CMBitMap*) 0x000001d234d6a670, (CMBitMap*) 0x000001d234d6a638
 Prev Bits: [0x000001d2546c0000, 0x000001d25a658000)
 Next Bits: [0x000001d24e720000, 0x000001d2546b8000)

Polling page: 0x000001d232b50000

Metaspace:

Usage:
  Non-class:     65.83 MB capacity,    64.81 MB ( 98%) used,   831.52 KB (  1%) free+waste,   214.44 KB ( <1%) overhead. 
      Class:     10.03 MB capacity,     9.39 MB ( 94%) used,   557.72 KB (  5%) free+waste,    97.81 KB ( <1%) overhead. 
       Both:     75.86 MB capacity,    74.20 MB ( 98%) used,     1.36 MB (  2%) free+waste,   312.25 KB ( <1%) overhead. 

Virtual space:
  Non-class space:       66.00 MB reserved,      66.00 MB (100%) committed 
      Class space:        1.00 GB reserved,      10.12 MB ( <1%) committed 
             Both:        1.06 GB reserved,      76.12 MB (  7%) committed 

Chunk freelists:
   Non-Class:  5.13 KB
       Class:  512 bytes
        Both:  5.63 KB

CodeHeap 'non-profiled nmethods': size=120000Kb used=4737Kb max_used=4737Kb free=115263Kb
 bounds [0x000001d244ac0000, 0x000001d244f70000, 0x000001d24bff0000]
CodeHeap 'profiled nmethods': size=120000Kb used=15608Kb max_used=15608Kb free=104391Kb
 bounds [0x000001d23d590000, 0x000001d23e4e0000, 0x000001d244ac0000]
CodeHeap 'non-nmethods': size=5760Kb used=1249Kb max_used=1339Kb free=4510Kb
 bounds [0x000001d23cff0000, 0x000001d23d260000, 0x000001d23d590000]
 total_blobs=8997 nmethods=6411 adapters=524
 compilation: enabled
              stopped_count=0, restarted_count=0
 full_count=0

Compilation events (10 events):
Event: 40.118 Thread 0x000001d25dbfd800 6937       3       sun.nio.ch.Util$BufferCache::get (164 bytes)
Event: 40.120 Thread 0x000001d25dbfd800 nmethod 6937 0x000001d23e4d2390 code [0x000001d23e4d25e0, 0x000001d23e4d3080]
Event: 40.120 Thread 0x000001d25dbfd800 6938       3       java.nio.MappedByteBuffer::flip (5 bytes)
Event: 40.120 Thread 0x000001d25dbfd800 nmethod 6938 0x000001d23e4d3390 code [0x000001d23e4d3560, 0x000001d23e4d37f8]
Event: 40.120 Thread 0x000001d25dbfd800 6939       3       java.io.FilterInputStream::read (9 bytes)
Event: 40.121 Thread 0x000001d25dbfd800 nmethod 6939 0x000001d23e4d3910 code [0x000001d23e4d3ae0, 0x000001d23e4d3d10]
Event: 40.125 Thread 0x000001d25dbfd800 6940       3       java.nio.Buffer::clear (20 bytes)
Event: 40.125 Thread 0x000001d25dbfd800 nmethod 6940 0x000001d23e4d3e10 code [0x000001d23e4d3fc0, 0x000001d23e4d4138]
Event: 40.127 Thread 0x000001d25dbfd800 6941       3       java.nio.ByteBuffer::clear (7 bytes)
Event: 40.127 Thread 0x000001d25dbfd800 nmethod 6941 0x000001d23e4d4210 code [0x000001d23e4d43c0, 0x000001d23e4d4598]

GC Heap History (10 events):
Event: 2.975 GC heap before
{Heap before GC invocations=4 (full 0):
 garbage-first heap   total 393216K, used 69429K [0x0000000681a00000, 0x0000000800000000)
  region size 1024K, 61 young (62464K), 2 survivors (2048K)
 Metaspace       used 30620K, capacity 31310K, committed 31612K, reserved 1077248K
  class space    used 3567K, capacity 3847K, committed 3964K, reserved 1048576K
}
Event: 2.984 GC heap after
{Heap after GC invocations=5 (full 0):
 garbage-first heap   total 393216K, used 12274K [0x0000000681a00000, 0x0000000800000000)
  region size 1024K, 5 young (5120K), 5 survivors (5120K)
 Metaspace       used 30620K, capacity 31310K, committed 31612K, reserved 1077248K
  class space    used 3567K, capacity 3847K, committed 3964K, reserved 1048576K
}
Event: 4.270 GC heap before
{Heap before GC invocations=6 (full 0):
 garbage-first heap   total 393216K, used 101362K [0x0000000681a00000, 0x0000000800000000)
  region size 1024K, 93 young (95232K), 5 survivors (5120K)
 Metaspace       used 34197K, capacity 35043K, committed 35196K, reserved 1079296K
  class space    used 4039K, capacity 4336K, committed 4476K, reserved 1048576K
}
Event: 4.279 GC heap after
{Heap after GC invocations=7 (full 0):
 garbage-first heap   total 393216K, used 15847K [0x0000000681a00000, 0x0000000800000000)
  region size 1024K, 9 young (9216K), 9 survivors (9216K)
 Metaspace       used 34197K, capacity 35043K, committed 35196K, reserved 1079296K
  class space    used 4039K, capacity 4336K, committed 4476K, reserved 1048576K
}
Event: 7.248 GC heap before
{Heap before GC invocations=7 (full 0):
 garbage-first heap   total 393216K, used 147943K [0x0000000681a00000, 0x0000000800000000)
  region size 1024K, 139 young (142336K), 9 survivors (9216K)
 Metaspace       used 44131K, capacity 45189K, committed 45308K, reserved 1089536K
  class space    used 5161K, capacity 5568K, committed 5628K, reserved 1048576K
}
Event: 7.261 GC heap after
{Heap after GC invocations=8 (full 0):
 garbage-first heap   total 393216K, used 21840K [0x0000000681a00000, 0x0000000800000000)
  region size 1024K, 15 young (15360K), 15 survivors (15360K)
 Metaspace       used 44131K, capacity 45189K, committed 45308K, reserved 1089536K
  class space    used 5161K, capacity 5568K, committed 5628K, reserved 1048576K
}
Event: 8.314 GC heap before
{Heap before GC invocations=8 (full 0):
 garbage-first heap   total 393216K, used 56656K [0x0000000681a00000, 0x0000000800000000)
  region size 1024K, 50 young (51200K), 15 survivors (15360K)
 Metaspace       used 51421K, capacity 52527K, committed 52604K, reserved 1095680K
  class space    used 6285K, capacity 6711K, committed 6780K, reserved 1048576K
}
Event: 8.339 GC heap after
{Heap after GC invocations=9 (full 0):
 garbage-first heap   total 393216K, used 24867K [0x0000000681a00000, 0x0000000800000000)
  region size 1024K, 18 young (18432K), 18 survivors (18432K)
 Metaspace       used 51421K, capacity 52527K, committed 52604K, reserved 1095680K
  class space    used 6285K, capacity 6711K, committed 6780K, reserved 1048576K
}
Event: 12.796 GC heap before
{Heap before GC invocations=10 (full 0):
 garbage-first heap   total 393216K, used 241955K [0x0000000681a00000, 0x0000000800000000)
  region size 1024K, 230 young (235520K), 18 survivors (18432K)
 Metaspace       used 70066K, capacity 71600K, committed 71804K, reserved 1112064K
  class space    used 8886K, capacity 9501K, committed 9596K, reserved 1048576K
}
Event: 12.830 GC heap after
{Heap after GC invocations=11 (full 0):
 garbage-first heap   total 472064K, used 38846K [0x0000000681a00000, 0x0000000800000000)
  region size 1024K, 27 young (27648K), 27 survivors (27648K)
 Metaspace       used 70066K, capacity 71600K, committed 71804K, reserved 1112064K
  class space    used 8886K, capacity 9501K, committed 9596K, reserved 1048576K
}

Deoptimization events (10 events):
Event: 13.716 Thread 0x000001d234ce4000 Uncommon trap: reason=unstable_if action=reinterpret pc=0x000001d244b207a0 method=java.lang.CharacterDataLatin1.isWhitespace(I)Z @ 14 c2
Event: 13.974 Thread 0x000001d234ce4000 Uncommon trap: reason=unstable_if action=reinterpret pc=0x000001d244e454fc method=java.util.StringTokenizer.skipDelimiters(I)I @ 21 c2
Event: 13.974 Thread 0x000001d234ce4000 Uncommon trap: reason=unstable_if action=reinterpret pc=0x000001d244c3c354 method=java.util.StringTokenizer.scanToken(I)I @ 96 c2
Event: 13.974 Thread 0x000001d234ce4000 Uncommon trap: reason=unstable_if action=reinterpret pc=0x000001d244e4ab90 method=java.util.StringTokenizer.skipDelimiters(I)I @ 21 c2
Event: 14.035 Thread 0x000001d234ce4000 Uncommon trap: reason=unstable_if action=reinterpret pc=0x000001d244ad5164 method=java.lang.CharacterData.of(I)Ljava/lang/CharacterData; @ 4 c2
Event: 14.042 Thread 0x000001d234ce4000 Uncommon trap: reason=unstable_if action=reinterpret pc=0x000001d244c3cad8 method=java.util.regex.Matcher.reset()Ljava/util/regex/Matcher; @ 71 c2
Event: 39.833 Thread 0x000001d25f3ee000 Uncommon trap: reason=speculate_class_check action=maybe_recompile pc=0x000001d244f47f74 method=java.lang.reflect.Executable.declaredAnnotations()Ljava/util/Map; @ 23 c2
Event: 39.840 Thread 0x000001d25f3ee000 Uncommon trap: reason=speculate_class_check action=maybe_recompile pc=0x000001d244f47f74 method=java.lang.reflect.Executable.declaredAnnotations()Ljava/util/Map; @ 23 c2
Event: 39.849 Thread 0x000001d25f3ee000 Uncommon trap: reason=speculate_class_check action=maybe_recompile pc=0x000001d244f47f74 method=java.lang.reflect.Executable.declaredAnnotations()Ljava/util/Map; @ 23 c2
Event: 39.857 Thread 0x000001d25f3ee000 Uncommon trap: reason=speculate_class_check action=maybe_recompile pc=0x000001d244f47f74 method=java.lang.reflect.Executable.declaredAnnotations()Ljava/util/Map; @ 23 c2

Classes redefined (0 events):
No events

Internal exceptions (10 events):
Event: 39.842 Thread 0x000001d25f3ee000 Exception <a 'java/lang/ClassNotFoundException'{0x000000069b17da38}: org/springframework/web/servlet/theme/AbstractThemeResolverCustomizer> (0x000000069b17da38) thrown at [t:/workspace/open/src/hotspot/share/classfile/systemDictionary.cpp, line 231]
Event: 39.843 Thread 0x000001d25f3ee000 Exception <a 'java/lang/ClassNotFoundException'{0x000000069b18e7a0}: org/springframework/web/servlet/theme/FixedThemeResolverCustomizer> (0x000000069b18e7a0) thrown at [t:/workspace/open/src/hotspot/share/classfile/systemDictionary.cpp, line 231]
Event: 39.845 Thread 0x000001d25f3ee000 Exception <a 'java/lang/ClassNotFoundException'{0x000000069b19e698}: org/springframework/web/servlet/ThemeResolverCustomizer> (0x000000069b19e698) thrown at [t:/workspace/open/src/hotspot/share/classfile/systemDictionary.cpp, line 231]
Event: 39.850 Thread 0x000001d25f3ee000 Exception <a 'java/lang/ClassNotFoundException'{0x000000069b1bccf0}: java/lang/ObjectCustomizer> (0x000000069b1bccf0) thrown at [t:/workspace/open/src/hotspot/share/classfile/systemDictionary.cpp, line 231]
Event: 39.852 Thread 0x000001d25f3ee000 Exception <a 'java/lang/ClassNotFoundException'{0x000000069b1cf9d8}: org/springframework/web/servlet/view/DefaultRequestToViewNameTranslatorCustomizer> (0x000000069b1cf9d8) thrown at [t:/workspace/open/src/hotspot/share/classfile/systemDictionary.cpp, lin
Event: 39.853 Thread 0x000001d25f3ee000 Exception <a 'java/lang/ClassNotFoundException'{0x000000069b1ee1e8}: org/springframework/web/servlet/RequestToViewNameTranslatorCustomizer> (0x000000069b1ee1e8) thrown at [t:/workspace/open/src/hotspot/share/classfile/systemDictionary.cpp, line 231]
Event: 39.858 Thread 0x000001d25f3ee000 Exception <a 'java/lang/ClassNotFoundException'{0x000000069b01cd08}: java/lang/ObjectCustomizer> (0x000000069b01cd08) thrown at [t:/workspace/open/src/hotspot/share/classfile/systemDictionary.cpp, line 231]
Event: 39.859 Thread 0x000001d25f3ee000 Exception <a 'java/lang/ClassNotFoundException'{0x000000069b02eb28}: org/springframework/web/servlet/support/AbstractFlashMapManagerCustomizer> (0x000000069b02eb28) thrown at [t:/workspace/open/src/hotspot/share/classfile/systemDictionary.cpp, line 231]
Event: 39.860 Thread 0x000001d25f3ee000 Exception <a 'java/lang/ClassNotFoundException'{0x000000069b042370}: org/springframework/web/servlet/support/SessionFlashMapManagerCustomizer> (0x000000069b042370) thrown at [t:/workspace/open/src/hotspot/share/classfile/systemDictionary.cpp, line 231]
Event: 39.861 Thread 0x000001d25f3ee000 Exception <a 'java/lang/ClassNotFoundException'{0x000000069b051b30}: org/springframework/web/servlet/FlashMapManagerCustomizer> (0x000000069b051b30) thrown at [t:/workspace/open/src/hotspot/share/classfile/systemDictionary.cpp, line 231]

Events (10 events):
Event: 40.060 Executing VM operation: RevokeBias
Event: 40.060 Executing VM operation: RevokeBias done
Event: 40.078 Executing VM operation: RevokeBias
Event: 40.078 Executing VM operation: RevokeBias done
Event: 40.081 Executing VM operation: RevokeBias
Event: 40.081 Executing VM operation: RevokeBias done
Event: 40.097 Executing VM operation: RevokeBias
Event: 40.097 Executing VM operation: RevokeBias done
Event: 40.097 Executing VM operation: RevokeBias
Event: 40.097 Executing VM operation: RevokeBias done


Dynamic libraries:
0x00007ff71bb70000 - 0x00007ff71bbb7000 	C:\Program Files\Java\jdk-11\bin\java.exe
0x00007ffcd8e00000 - 0x00007ffcd8ff0000 	C:\WINDOWS\SYSTEM32\ntdll.dll
0x00007ffcd8390000 - 0x00007ffcd8442000 	C:\WINDOWS\System32\KERNEL32.DLL
0x00007ffcd63e0000 - 0x00007ffcd6685000 	C:\WINDOWS\System32\KERNELBASE.dll
0x00007ffcd8990000 - 0x00007ffcd8a33000 	C:\WINDOWS\System32\ADVAPI32.dll
0x00007ffcd88f0000 - 0x00007ffcd898e000 	C:\WINDOWS\System32\msvcrt.dll
0x00007ffcd8850000 - 0x00007ffcd88e7000 	C:\WINDOWS\System32\sechost.dll
0x00007ffcd7550000 - 0x00007ffcd7670000 	C:\WINDOWS\System32\RPCRT4.dll
0x00007ffcd8450000 - 0x00007ffcd85e4000 	C:\WINDOWS\System32\USER32.dll
0x00007ffcd63b0000 - 0x00007ffcd63d1000 	C:\WINDOWS\System32\win32u.dll
0x00007ffcd8750000 - 0x00007ffcd8776000 	C:\WINDOWS\System32\GDI32.dll
0x00007ffcd5f40000 - 0x00007ffcd60d6000 	C:\WINDOWS\System32\gdi32full.dll
0x00007ffcd60e0000 - 0x00007ffcd617e000 	C:\WINDOWS\System32\msvcp_win.dll
0x00007ffcd5e40000 - 0x00007ffcd5f3a000 	C:\WINDOWS\System32\ucrtbase.dll
0x00007ffcbdc80000 - 0x00007ffcbdf04000 	C:\WINDOWS\WinSxS\amd64_microsoft.windows.common-controls_6595b64144ccf1df_6.0.18362.1256_none_9e7e379be45e40e2\COMCTL32.dll
0x00007ffccd600000 - 0x00007ffccd60a000 	C:\WINDOWS\SYSTEM32\VERSION.dll
0x00007ffcd8a80000 - 0x00007ffcd8db6000 	C:\WINDOWS\System32\combase.dll
0x00007ffcd6690000 - 0x00007ffcd6711000 	C:\WINDOWS\System32\bcryptPrimitives.dll
0x00007ffcd8a50000 - 0x00007ffcd8a7e000 	C:\WINDOWS\System32\IMM32.DLL
0x00007ffcaedd0000 - 0x00007ffcaede6000 	C:\Program Files\Java\jdk-11\bin\vcruntime140.dll
0x00007ffca0930000 - 0x00007ffca09da000 	C:\Program Files\Java\jdk-11\bin\msvcp140.dll
0x00007ffc48b30000 - 0x00007ffc49672000 	C:\Program Files\Java\jdk-11\bin\server\jvm.dll
0x00007ffcd8a40000 - 0x00007ffcd8a48000 	C:\WINDOWS\System32\PSAPI.DLL
0x00007ffca08d0000 - 0x00007ffca08d9000 	C:\WINDOWS\SYSTEM32\WSOCK32.dll
0x00007ffccda80000 - 0x00007ffccdaa4000 	C:\WINDOWS\SYSTEM32\WINMM.dll
0x00007ffcd7b20000 - 0x00007ffcd7b8f000 	C:\WINDOWS\System32\WS2_32.dll
0x00007ffccda50000 - 0x00007ffccda7d000 	C:\WINDOWS\SYSTEM32\winmmbase.dll
0x00007ffcd6180000 - 0x00007ffcd61ca000 	C:\WINDOWS\System32\cfgmgr32.dll
0x00007ffcd5cb0000 - 0x00007ffcd5cc1000 	C:\WINDOWS\System32\kernel.appcore.dll
0x00007ffcae420000 - 0x00007ffcae431000 	C:\Program Files\Java\jdk-11\bin\verify.dll
0x00007ffcd4330000 - 0x00007ffcd4524000 	C:\WINDOWS\SYSTEM32\DBGHELP.DLL
0x00007ffccd050000 - 0x00007ffccd07a000 	C:\WINDOWS\SYSTEM32\dbgcore.DLL
0x00007ffcad8d0000 - 0x00007ffcad8f9000 	C:\Program Files\Java\jdk-11\bin\java.dll
0x00007ffcbaa50000 - 0x00007ffcbaa7f000 	C:\Program Files\Java\jdk-11\bin\instrument.dll
0x00007ffcad930000 - 0x00007ffcad946000 	C:\Program Files\Java\jdk-11\bin\zip.dll
0x00007ffcb26c0000 - 0x00007ffcb26ca000 	C:\Program Files\Java\jdk-11\bin\jimage.dll
0x00007ffcd7b90000 - 0x00007ffcd8277000 	C:\WINDOWS\System32\SHELL32.dll
0x00007ffcd82e0000 - 0x00007ffcd8389000 	C:\WINDOWS\System32\shcore.dll
0x00007ffcd6720000 - 0x00007ffcd6ea1000 	C:\WINDOWS\System32\windows.storage.dll
0x00007ffcd5cf0000 - 0x00007ffcd5d13000 	C:\WINDOWS\System32\profapi.dll
0x00007ffcd5d20000 - 0x00007ffcd5d6a000 	C:\WINDOWS\System32\powrprof.dll
0x00007ffcd5ca0000 - 0x00007ffcd5cb0000 	C:\WINDOWS\System32\UMPDC.dll
0x00007ffcd8280000 - 0x00007ffcd82d2000 	C:\WINDOWS\System32\shlwapi.dll
0x00007ffcd5e20000 - 0x00007ffcd5e37000 	C:\WINDOWS\System32\cryptsp.dll
0x00007ffca3850000 - 0x00007ffca3869000 	C:\Program Files\Java\jdk-11\bin\net.dll
0x00007ffcc0920000 - 0x00007ffcc0a10000 	C:\WINDOWS\SYSTEM32\WINHTTP.dll
0x00007ffcd54f0000 - 0x00007ffcd5557000 	C:\WINDOWS\system32\mswsock.dll
0x00007ffca3170000 - 0x00007ffca3183000 	C:\Program Files\Java\jdk-11\bin\nio.dll
0x00007ffccf230000 - 0x00007ffccf24a000 	C:\Program Files\JetBrains\IntelliJ IDEA Community Edition 2019.1.3\bin\breakgen64.dll
0x00007ffcb2600000 - 0x00007ffcb2609000 	C:\Program Files\Java\jdk-11\bin\management.dll
0x00007ffcaf820000 - 0x00007ffcaf82c000 	C:\Program Files\Java\jdk-11\bin\management_ext.dll
0x00007ffca07b0000 - 0x00007ffca07c6000 	C:\WINDOWS\system32\napinsp.dll
0x00007ffca0790000 - 0x00007ffca07aa000 	C:\WINDOWS\system32\pnrpnsp.dll
0x00007ffcd5240000 - 0x00007ffcd530b000 	C:\WINDOWS\SYSTEM32\DNSAPI.dll
0x00007ffcd85f0000 - 0x00007ffcd85f8000 	C:\WINDOWS\System32\NSI.dll
0x00007ffcd5200000 - 0x00007ffcd523a000 	C:\WINDOWS\SYSTEM32\IPHLPAPI.DLL
0x00007ffca0780000 - 0x00007ffca078e000 	C:\WINDOWS\System32\winrnr.dll
0x00007ffcd22c0000 - 0x00007ffcd22dc000 	C:\WINDOWS\system32\NLAapi.dll
0x00007ffcd1330000 - 0x00007ffcd1345000 	C:\WINDOWS\system32\wshbth.dll
0x00007ffcbf8e0000 - 0x00007ffcbf8ea000 	C:\Windows\System32\rasadhlp.dll
0x00007ffcce610000 - 0x00007ffcce687000 	C:\WINDOWS\System32\fwpuclnt.dll
0x00007ffcd6380000 - 0x00007ffcd63a6000 	C:\WINDOWS\System32\bcrypt.dll
0x00007ffcd4df0000 - 0x00007ffcd4e23000 	C:\WINDOWS\system32\rsaenh.dll
0x00007ffcd5bc0000 - 0x00007ffcd5be5000 	C:\WINDOWS\SYSTEM32\USERENV.dll
0x00007ffcd56c0000 - 0x00007ffcd56cc000 	C:\WINDOWS\SYSTEM32\CRYPTBASE.dll
0x00007ffcd04e0000 - 0x00007ffcd04f6000 	C:\WINDOWS\SYSTEM32\dhcpcsvc6.DLL
0x00007ffcd04b0000 - 0x00007ffcd04cc000 	C:\WINDOWS\SYSTEM32\dhcpcsvc.DLL

dbghelp: loaded successfully - version: 4.0.5 - missing functions: none
symbol engine: initialized successfully - sym options: 0x614 - pdb path: .;C:\Program Files\Java\jdk-11\bin;C:\WINDOWS\SYSTEM32;C:\WINDOWS\WinSxS\amd64_microsoft.windows.common-controls_6595b64144ccf1df_6.0.18362.1256_none_9e7e379be45e40e2;C:\Program Files\Java\jdk-11\bin\server;C:\Program Files\JetBrains\IntelliJ IDEA Community Edition 2019.1.3\bin

VM Arguments:
jvm_args: -javaagent:C:\Program Files\JetBrains\IntelliJ IDEA Community Edition 2019.1.3\lib\idea_rt.jar=57719:C:\Program Files\JetBrains\IntelliJ IDEA Community Edition 2019.1.3\bin -Dfile.encoding=UTF-8 
java_command: com.soshinemedia.pyngoapi.Application
java_class_path (initial): G:\app\target\classes;C:\Users\KenroyWhite\.m2\repository\org\springframework\boot\spring-boot-starter-data-jpa\2.1.6.RELEASE\spring-boot-starter-data-jpa-2.1.6.RELEASE.jar;C:\Users\KenroyWhite\.m2\repository\org\springframework\boot\spring-boot-starter-jdbc\2.1.6.RELEASE\spring-boot-starter-jdbc-2.1.6.RELEASE.jar;C:\Users\KenroyWhite\.m2\repository\com\zaxxer\HikariCP\3.2.0\HikariCP-3.2.0.jar;C:\Users\KenroyWhite\.m2\repository\org\springframework\spring-jdbc\5.1.8.RELEASE\spring-jdbc-5.1.8.RELEASE.jar;C:\Users\KenroyWhite\.m2\repository\javax\transaction\javax.transaction-api\1.3\javax.transaction-api-1.3.jar;C:\Users\KenroyWhite\.m2\repository\javax\xml\bind\jaxb-api\2.3.1\jaxb-api-2.3.1.jar;C:\Users\KenroyWhite\.m2\repository\javax\activation\javax.activation-api\1.2.0\javax.activation-api-1.2.0.jar;C:\Users\KenroyWhite\.m2\repository\org\hibernate\hibernate-core\5.3.10.Final\hibernate-core-5.3.10.Final.jar;C:\Users\KenroyWhite\.m2\repository\org\jboss\logging\jboss-logging\3.3.2.Final\jboss-logging-3.3.2.Final.jar;C:\Users\KenroyWhite\.m2\repository\javax\persistence\javax.persistence-api\2.2\javax.persistence-api-2.2.jar;C:\Users\KenroyWhite\.m2\repository\org\javassist\javassist\3.23.2-GA\javassist-3.23.2-GA.jar;C:\Users\KenroyWhite\.m2\repository\net\bytebuddy\byte-buddy\1.9.13\byte-buddy-1.9.13.jar;C:\Users\KenroyWhite\.m2\repository\antlr\antlr\2.7.7\antlr-2.7.7.jar;C:\Users\KenroyWhite\.m2\repository\org\jboss\jandex\2.0.5.Final\jandex-2.0.5.Final.jar;C:\Users\KenroyWhite\.m2\repository\com\fasterxml\classmate\1.4.0\classmate-1.4.0.jar;C:\Users\KenroyWhite\.m2\repository\org\dom4j\dom4j\2.1.1\dom4j-2.1.1.jar;C:\Users\KenroyWhite\.m2\repository\org\hibernate\common\hibernate-commons-annotations\5.0.4.Final\hibernate-commons-annotations-5.0.4.Final.jar;C:\Users\KenroyWhite\.m2\repository\org\springframework\data\spring-data-jpa\2.1.9.RELEASE\spring-data-jpa-2.1.9.RELEASE.jar;C:\Users\KenroyWhite\.m2\repository\org\springframewor
Launcher Type: SUN_STANDARD

[Global flags]
     intx CICompilerCount                          = 4                                         {product} {ergonomic}
     uint ConcGCThreads                            = 2                                         {product} {ergonomic}
     uint G1ConcRefinementThreads                  = 8                                         {product} {ergonomic}
   size_t G1HeapRegionSize                         = 1048576                                   {product} {ergonomic}
    uintx GCDrainStackTargetSize                   = 64                                        {product} {ergonomic}
   size_t InitialHeapSize                          = 402653184                                 {product} {ergonomic}
   size_t MarkStackSize                            = 4194304                                   {product} {ergonomic}
   size_t MaxHeapSize                              = 6415187968                                {product} {ergonomic}
   size_t MaxNewSize                               = 3848273920                                {product} {ergonomic}
   size_t MinHeapDeltaBytes                        = 1048576                                   {product} {ergonomic}
    uintx NonNMethodCodeHeapSize                   = 5835340                                {pd product} {ergonomic}
    uintx NonProfiledCodeHeapSize                  = 122911450                              {pd product} {ergonomic}
    uintx ProfiledCodeHeapSize                     = 122911450                              {pd product} {ergonomic}
    uintx ReservedCodeCacheSize                    = 251658240                              {pd product} {ergonomic}
     bool SegmentedCodeCache                       = true                                      {product} {ergonomic}
     bool UseCompressedClassPointers               = true                                 {lp64_product} {ergonomic}
     bool UseCompressedOops                        = true                                 {lp64_product} {ergonomic}
     bool UseG1GC                                  = true                                      {product} {ergonomic}
     bool UseLargePagesIndividualAllocation        = false                                  {pd product} {ergonomic}

Logging:
Log output configuration:
 #0: stdout all=warning uptime,level,tags
 #1: stderr all=off uptime,level,tags

Environment Variables:
JAVA_HOME=C:\Program Files\Java\jdk-11
PATH=C:\WINDOWS\system32;C:\WINDOWS;C:\WINDOWS\System32\Wbem;C:\WINDOWS\System32\WindowsPowerShell\v1.0\;C:\WINDOWS\System32\OpenSSH\;C:\Program Files\Git\cmd;C:\Program Files\PuTTY\;C:\ProgramData\chocolatey\bin;C:\Program Files (x86)\Windows Kits\10\Windows Performance Toolkit\;C:\Program Files\ant\apache-ant-1.10.7\bin;C:\Program Files\Java\jdk-11\bin;C:\Program Files (x86)\Common Files\Oracle\Java\javapath;C:\Program Files\nodejs\;C:\Program Files (x86)\NVIDIA Corporation\PhysX\Common;C:\Program Files (x86)\Yarn\bin\;C:\Program Files\dotnet\;C:\Program Files\Microsoft SQL Server\130\Tools\Binn\;C:\Program Files\Microsoft SQL Server\Client SDK\ODBC\170\Tools\Binn\;C:\Program Files (x86)\Microsoft SQL Server\150\DTS\Binn\;C:\Program Files\Azure Data Studio\bin;C:\Ruby27-x64\bin;C:\Users\KenroyWhite\.windows-build-tools\python27\;C:\Users\KenroyWhite\AppData\Roaming\npm\node_modules\npm\bin\node-gyp-bin;C:\Users\KenroyWhite\AppData\Roaming\npm\node_modules\windows-build-tools\node_modules\.bin;C:\Users\KenroyWhite\AppData\Roaming\npm\node_modules\.bin;C:\Program Files (x86)\Common Files\Oracle\Java\javapath;C:\Windows\system32;C:\Windows;C:\Windows\System32\Wbem;C:\Windows\System32\WindowsPowerShell\v1.0\;C:\Windows\System32\OpenSSH\;C:\Program Files\nodejs\;C:\Program Files\Git\cmd;C:\Program Files\PuTTY\;C:\Program Files (x86)\Yarn\bin\;C:\Ruby25-x64\bin;C:\Users\KenroyWhite\AppData\Local\Microsoft\WindowsApps;C:\Users\KenroyWhite\AppData\Local\Programs\Fiddler;C:\Program Files\Java\jdk-11\bin;C:\Program Files\apache-maven-3.6.0\bin;;C:\Users\KenroyWhite\AppData\Local\Microsoft\WindowsApps;C:\Users\KenroyWhite\AppData\Local\Programs\Microsoft VS Code\bin;C:\Users\KenroyWhite\AppData\Roaming\npm;C:\Users\KenroyWhite\AppData\Local\Yarn\bin;C:\Program Files\Azure Data Studio\bin
USERNAME=KenroyWhite
OS=Windows_NT
PROCESSOR_IDENTIFIER=Intel64 Family 6 Model 142 Stepping 10, GenuineIntel



---------------  S Y S T E M  ---------------

OS: Windows 10 , 64 bit Build 18362 (10.0.18362.1110)

CPU:total 8 (initial active 8) (4 cores per cpu, 2 threads per core) family 6 model 142 stepping 10, cmov, cx8, fxsr, mmx, sse, sse2, sse3, ssse3, sse4.1, sse4.2, popcnt, avx, avx2, aes, clmul, erms, 3dnowpref, lzcnt, ht, tsc, tscinvbit, bmi1, bmi2, adx, fma

Memory: 4k page, system-wide physical 24467M (7848M free)
TotalPageFile size 27905M (AvailPageFile size 9M)
current process WorkingSet (physical memory assigned to process): 534M, peak: 577M
current process commit charge ("private bytes"): 722M, peak: 772M

vm_info: Java HotSpot(TM) 64-Bit Server VM (11+28) for windows-amd64 JRE (11+28), built on Aug 23 2018 03:03:59 by "mach5one" with MS VC++ 15.5 (VS2017)

END.
